<?xml version="1.0" encoding="UTF-8" ?>
<testsuite tests="16" failures="0" name="uml.UMLClassTest" time="0.014" errors="0" skipped="0">
  <properties>
[...]
</properties>
  <testcase classname="uml.UMLClassTest" name="testGetFieldList" time="0.001"/>
  <testcase classname="uml.UMLClassTest" name="testDeleteField" time="0.001"/>
  <testcase classname="uml.UMLClassTest" name="testSetClassName" time="0"/>
  <testcase classname="uml.UMLClassTest" name="testFindAtt" time="0"/>
  <testcase classname="uml.UMLClassTest" name="testFindMethod" time="0"/>
  <testcase classname="uml.UMLClassTest" name="testAddField" time="0"/>
  <testcase classname="uml.UMLClassTest" name="testGetAttList" time="0.01"/>
  <testcase classname="uml.UMLClassTest" name="testDeleteMethod" time="0"/>
  <testcase classname="uml.UMLClassTest" name="testAddMethod" time="0"/>
  <testcase classname="uml.UMLClassTest" name="testDeleteAttribute" time="0"/>
  <testcase classname="uml.UMLClassTest" name="testChangeMethod" time="0"/>
  <testcase classname="uml.UMLClassTest" name="testFindMethodNoPrint" time="0"/>
  <testcase classname="uml.UMLClassTest" name="testGetMethodList" time="0"/>
  <testcase classname="uml.UMLClassTest" name="testGetClassName" time="0"/>
  <testcase classname="uml.UMLClassTest" name="testFindField" time="0"/>
  <testcase classname="uml.UMLClassTest" name="testChangeField" time="0.002"/>
</testsuite>