<?xml version="1.0" encoding="UTF-8" ?>
<testsuite tests="24" failures="0" name="uml.UMLModelTest" time="0.034" errors="0" skipped="0">
  <properties>
[...]
</properties>
  <testcase classname="uml.UMLModelTest" name="clearRelationshipList" time="0.019"/>
  <testcase classname="uml.UMLModelTest" name="getCoordinateMap" time="0"/>
  <testcase classname="uml.UMLModelTest" name="addRel" time="0.001"/>
  <testcase classname="uml.UMLModelTest" name="clearClassList" time="0.001"/>
  <testcase classname="uml.UMLModelTest" name="addClass" time="0"/>
  <testcase classname="uml.UMLModelTest" name="updateRelationshipList" time="0.002"/>
  <testcase classname="uml.UMLModelTest" name="deleteClass" time="0"/>
  <testcase classname="uml.UMLModelTest" name="deleteRel" time="0"/>
  <testcase classname="uml.UMLModelTest" name="setRelationshipList" time="0"/>
  <testcase classname="uml.UMLModelTest" name="UMLModel" time="0.003"/>
  <testcase classname="uml.UMLModelTest" name="findRelationship" time="0"/>
  <testcase classname="uml.UMLModelTest" name="getGUIHelpMenu" time="0"/>
  <testcase classname="uml.UMLModelTest" name="getClassList" time="0.001"/>
  <testcase classname="uml.UMLModelTest" name="changeRelType" time="0"/>
  <testcase classname="uml.UMLModelTest" name="getCLIHelpMenu" time="0.001"/>
  <testcase classname="uml.UMLModelTest" name="checkType" time="0.001"/>
  <testcase classname="uml.UMLModelTest" name="findClass" time="0"/>
  <testcase classname="uml.UMLModelTest" name="isRelated" time="0"/>
  <testcase classname="uml.UMLModelTest" name="setCoordinateMap" time="0"/>
  <testcase classname="uml.UMLModelTest" name="isValidIdentifier" time="0.001"/>
  <testcase classname="uml.UMLModelTest" name="isNotValidInput" time="0.004"/>
  <testcase classname="uml.UMLModelTest" name="getRelationshipList" time="0"/>
  <testcase classname="uml.UMLModelTest" name="setClassList" time="0"/>
  <testcase classname="uml.UMLModelTest" name="findRelType" time="0"/>
</testsuite>