<?xml version="1.0" encoding="UTF-8" standalone="yes"?><!DOCTYPE report PUBLIC "-//JACOCO//DTD Report 1.1//EN" "report.dtd"><report name="2022sp-420-AlarmSquad"><sessioninfo id="DESKTOP-89c87826" start="1650733234848" dump="1650733235084"/><sessioninfo id="DESKTOP-34045de8" start="1650835501263" dump="1650835501530"/><sessioninfo id="LAPTOP-e532b96d" start="1651168180338" dump="1651168181221"/><package name="uml"><class name="uml/Parameter" sourcefilename="Parameter.java"><method name="&lt;init&gt;" desc="(Ljava/lang/String;Ljava/lang/String;)V" line="6"><counter type="INSTRUCTION" missed="0" covered="5"/><counter type="LINE" missed="0" covered="2"/><counter type="COMPLEXITY" missed="0" covered="1"/><counter type="METHOD" missed="0" covered="1"/></method><counter type="INSTRUCTION" missed="0" covered="5"/><counter type="LINE" missed="0" covered="2"/><counter type="COMPLEXITY" missed="0" covered="1"/><counter type="METHOD" missed="0" covered="1"/><counter type="CLASS" missed="0" covered="1"/></class><class name="uml/CLIView" sourcefilename="CLIView.java"><method name="&lt;init&gt;" desc="()V" line="26"><counter type="INSTRUCTION" missed="33" covered="0"/><counter type="LINE" missed="7" covered="0"/><counter type="COMPLEXITY" missed="1" covered="0"/><counter type="METHOD" missed="1" covered="0"/></method><method name="editCompleter" desc="(Ljava/util/ArrayList;)V" line="37"><counter type="INSTRUCTION" missed="101" covered="0"/><counter type="BRANCH" missed="8" covered="0"/><counter type="LINE" missed="14" covered="0"/><counter type="COMPLEXITY" missed="5" covered="0"/><counter type="METHOD" missed="1" covered="0"/></method><method name="buildConsole" desc="()Lorg/jline/reader/LineReader;" line="64"><counter type="INSTRUCTION" missed="39" covered="0"/><counter type="LINE" missed="12" covered="0"/><counter type="COMPLEXITY" missed="1" covered="0"/><counter type="METHOD" missed="1" covered="0"/></method><method name="&lt;clinit&gt;" desc="()V" line="57"><counter type="INSTRUCTION" missed="60" covered="0"/><counter type="LINE" missed="1" covered="0"/><counter type="COMPLEXITY" missed="1" covered="0"/><counter type="METHOD" missed="1" covered="0"/></method><counter type="INSTRUCTION" missed="233" covered="0"/><counter type="BRANCH" missed="8" covered="0"/><counter type="LINE" missed="34" covered="0"/><counter type="COMPLEXITY" missed="8" covered="0"/><counter type="METHOD" missed="4" covered="0"/><counter type="CLASS" missed="1" covered="0"/></class><class name="uml/UMLClass" sourcefilename="UMLClass.java"><method name="&lt;init&gt;" desc="(Ljava/lang/String;)V" line="23"><counter type="INSTRUCTION" missed="0" covered="16"/><counter type="LINE" missed="0" covered="5"/><counter type="COMPLEXITY" missed="0" covered="1"/><counter type="METHOD" missed="0" covered="1"/></method><method name="getClassName" desc="()Ljava/lang/String;" line="35"><counter type="INSTRUCTION" missed="0" covered="3"/><counter type="LINE" missed="0" covered="1"/><counter type="COMPLEXITY" missed="0" covered="1"/><counter type="METHOD" missed="0" covered="1"/></method><method name="setClassName" desc="(Ljava/lang/String;)V" line="44"><counter type="INSTRUCTION" missed="0" covered="4"/><counter type="LINE" missed="0" covered="2"/><counter type="COMPLEXITY" missed="0" covered="1"/><counter type="METHOD" missed="0" covered="1"/></method><method name="getAttList" desc="(Ljava/lang/String;)Ljava/util/ArrayList;" line="55"><counter type="INSTRUCTION" missed="0" covered="16"/><counter type="BRANCH" missed="0" covered="4"/><counter type="LINE" missed="0" covered="5"/><counter type="COMPLEXITY" missed="0" covered="3"/><counter type="METHOD" missed="0" covered="1"/></method><method name="findAtt" desc="(Ljava/lang/String;Ljava/lang/String;)Luml/Attribute;" line="73"><counter type="INSTRUCTION" missed="0" covered="18"/><counter type="BRANCH" missed="0" covered="4"/><counter type="LINE" missed="0" covered="5"/><counter type="COMPLEXITY" missed="0" covered="3"/><counter type="METHOD" missed="0" covered="1"/></method><method name="deleteAttribute" desc="(Luml/Attribute;)V" line="87"><counter type="INSTRUCTION" missed="0" covered="15"/><counter type="BRANCH" missed="0" covered="2"/><counter type="LINE" missed="0" covered="4"/><counter type="COMPLEXITY" missed="0" covered="2"/><counter type="METHOD" missed="0" covered="1"/></method><method name="getFieldList" desc="()Ljava/util/ArrayList;" line="100"><counter type="INSTRUCTION" missed="0" covered="3"/><counter type="LINE" missed="0" covered="1"/><counter type="COMPLEXITY" missed="0" covered="1"/><counter type="METHOD" missed="0" covered="1"/></method><method name="addField" desc="(Luml/Field;)V" line="109"><counter type="INSTRUCTION" missed="0" covered="6"/><counter type="LINE" missed="0" covered="2"/><counter type="COMPLEXITY" missed="0" covered="1"/><counter type="METHOD" missed="0" covered="1"/></method><method name="deleteField" desc="(Luml/Field;)V" line="118"><counter type="INSTRUCTION" missed="0" covered="6"/><counter type="LINE" missed="0" covered="2"/><counter type="COMPLEXITY" missed="0" covered="1"/><counter type="METHOD" missed="0" covered="1"/></method><method name="getMethodList" desc="()Ljava/util/ArrayList;" line="127"><counter type="INSTRUCTION" missed="0" covered="3"/><counter type="LINE" missed="0" covered="1"/><counter type="COMPLEXITY" missed="0" covered="1"/><counter type="METHOD" missed="0" covered="1"/></method><method name="addMethod" desc="(Luml/Method;)V" line="136"><counter type="INSTRUCTION" missed="0" covered="6"/><counter type="LINE" missed="0" covered="2"/><counter type="COMPLEXITY" missed="0" covered="1"/><counter type="METHOD" missed="0" covered="1"/></method><method name="deleteMethod" desc="(Luml/Method;)V" line="145"><counter type="INSTRUCTION" missed="0" covered="6"/><counter type="LINE" missed="0" covered="2"/><counter type="COMPLEXITY" missed="0" covered="1"/><counter type="METHOD" missed="0" covered="1"/></method><method name="findField" desc="(Ljava/lang/String;)Luml/Field;" line="156"><counter type="INSTRUCTION" missed="0" covered="21"/><counter type="BRANCH" missed="0" covered="4"/><counter type="LINE" missed="0" covered="5"/><counter type="COMPLEXITY" missed="0" covered="3"/><counter type="METHOD" missed="0" covered="1"/></method><method name="findMethod" desc="(Ljava/lang/String;)Luml/Method;" line="173"><counter type="INSTRUCTION" missed="0" covered="21"/><counter type="BRANCH" missed="0" covered="4"/><counter type="LINE" missed="0" covered="5"/><counter type="COMPLEXITY" missed="0" covered="3"/><counter type="METHOD" missed="0" covered="1"/></method><method name="findMethodNoPrint" desc="(Ljava/lang/String;)Luml/Method;" line="190"><counter type="INSTRUCTION" missed="0" covered="21"/><counter type="BRANCH" missed="0" covered="4"/><counter type="LINE" missed="0" covered="5"/><counter type="COMPLEXITY" missed="0" covered="3"/><counter type="METHOD" missed="0" covered="1"/></method><method name="changeField" desc="(Ljava/lang/String;Luml/Field;)Luml/Field;" line="207"><counter type="INSTRUCTION" missed="0" covered="28"/><counter type="BRANCH" missed="0" covered="4"/><counter type="LINE" missed="0" covered="5"/><counter type="COMPLEXITY" missed="0" covered="3"/><counter type="METHOD" missed="0" covered="1"/></method><method name="changeMethod" desc="(Ljava/lang/String;Luml/Method;)Luml/Method;" line="225"><counter type="INSTRUCTION" missed="0" covered="28"/><counter type="BRANCH" missed="0" covered="4"/><counter type="LINE" missed="0" covered="5"/><counter type="COMPLEXITY" missed="0" covered="3"/><counter type="METHOD" missed="0" covered="1"/></method><counter type="INSTRUCTION" missed="0" covered="221"/><counter type="BRANCH" missed="0" covered="30"/><counter type="LINE" missed="0" covered="57"/><counter type="COMPLEXITY" missed="0" covered="32"/><counter type="METHOD" missed="0" covered="17"/><counter type="CLASS" missed="0" covered="1"/></class><class name="uml/GUIView" sourcefilename="GUIView.java"><method name="&lt;init&gt;" desc="(Luml/UMLModel;)V" line="46"><counter type="INSTRUCTION" missed="66" covered="0"/><counter type="LINE" missed="14" covered="0"/><counter type="COMPLEXITY" missed="1" covered="0"/><counter type="METHOD" missed="1" covered="0"/></method><method name="&lt;init&gt;" desc="()V" line="46"><counter type="INSTRUCTION" missed="69" covered="0"/><counter type="LINE" missed="14" covered="0"/><counter type="COMPLEXITY" missed="1" covered="0"/><counter type="METHOD" missed="1" covered="0"/></method><method name="start" desc="(Ljavafx/stage/Stage;)V" line="83"><counter type="INSTRUCTION" missed="60" covered="0"/><counter type="LINE" missed="14" covered="0"/><counter type="COMPLEXITY" missed="1" covered="0"/><counter type="METHOD" missed="1" covered="0"/></method><method name="getSuperRoot" desc="()Ljavafx/scene/Group;" line="124"><counter type="INSTRUCTION" missed="3" covered="0"/><counter type="LINE" missed="1" covered="0"/><counter type="COMPLEXITY" missed="1" covered="0"/><counter type="METHOD" missed="1" covered="0"/></method><method name="getArrowList" desc="()Ljava/util/ArrayList;" line="128"><counter type="INSTRUCTION" missed="3" covered="0"/><counter type="LINE" missed="1" covered="0"/><counter type="COMPLEXITY" missed="1" covered="0"/><counter type="METHOD" missed="1" covered="0"/></method><method name="getLineList" desc="()Ljava/util/ArrayList;" line="132"><counter type="INSTRUCTION" missed="3" covered="0"/><counter type="LINE" missed="1" covered="0"/><counter type="COMPLEXITY" missed="1" covered="0"/><counter type="METHOD" missed="1" covered="0"/></method><method name="getClassBoxList" desc="()Ljava/util/ArrayList;" line="136"><counter type="INSTRUCTION" missed="3" covered="0"/><counter type="LINE" missed="1" covered="0"/><counter type="COMPLEXITY" missed="1" covered="0"/><counter type="METHOD" missed="1" covered="0"/></method><method name="createDiagramMenu" desc="()Ljavafx/scene/layout/VBox;" line="146"><counter type="INSTRUCTION" missed="478" covered="0"/><counter type="LINE" missed="78" covered="0"/><counter type="COMPLEXITY" missed="1" covered="0"/><counter type="METHOD" missed="1" covered="0"/></method><method name="saveFileWindow" desc="()V" line="294"><counter type="INSTRUCTION" missed="42" covered="0"/><counter type="BRANCH" missed="2" covered="0"/><counter type="LINE" missed="8" covered="0"/><counter type="COMPLEXITY" missed="2" covered="0"/><counter type="METHOD" missed="1" covered="0"/></method><method name="saveImageWindow" desc="()V" line="311"><counter type="INSTRUCTION" missed="48" covered="0"/><counter type="BRANCH" missed="2" covered="0"/><counter type="LINE" missed="8" covered="0"/><counter type="COMPLEXITY" missed="2" covered="0"/><counter type="METHOD" missed="1" covered="0"/></method><method name="loadWindow" desc="()V" line="329"><counter type="INSTRUCTION" missed="22" covered="0"/><counter type="BRANCH" missed="2" covered="0"/><counter type="LINE" missed="7" covered="0"/><counter type="COMPLEXITY" missed="2" covered="0"/><counter type="METHOD" missed="1" covered="0"/></method><method name="addClassWindow" desc="()V" line="346"><counter type="INSTRUCTION" missed="77" covered="0"/><counter type="LINE" missed="17" covered="0"/><counter type="COMPLEXITY" missed="1" covered="0"/><counter type="METHOD" missed="1" covered="0"/></method><method name="addFieldWindow" desc="()V" line="378"><counter type="INSTRUCTION" missed="123" covered="0"/><counter type="LINE" missed="27" covered="0"/><counter type="COMPLEXITY" missed="1" covered="0"/><counter type="METHOD" missed="1" covered="0"/></method><method name="addMethodWindow" desc="()V" line="424"><counter type="INSTRUCTION" missed="123" covered="0"/><counter type="LINE" missed="27" covered="0"/><counter type="COMPLEXITY" missed="1" covered="0"/><counter type="METHOD" missed="1" covered="0"/></method><method name="addRelWindow" desc="()V" line="470"><counter type="INSTRUCTION" missed="123" covered="0"/><counter type="LINE" missed="27" covered="0"/><counter type="COMPLEXITY" missed="1" covered="0"/><counter type="METHOD" missed="1" covered="0"/></method><method name="addParameterWindow" desc="()V" line="517"><counter type="INSTRUCTION" missed="146" covered="0"/><counter type="LINE" missed="32" covered="0"/><counter type="COMPLEXITY" missed="1" covered="0"/><counter type="METHOD" missed="1" covered="0"/></method><method name="addParameterWindowLoop" desc="()V" line="569"><counter type="INSTRUCTION" missed="64" covered="0"/><counter type="LINE" missed="14" covered="0"/><counter type="COMPLEXITY" missed="1" covered="0"/><counter type="METHOD" missed="1" covered="0"/></method><method name="deleteClassWindow" desc="()V" line="597"><counter type="INSTRUCTION" missed="77" covered="0"/><counter type="LINE" missed="17" covered="0"/><counter type="COMPLEXITY" missed="1" covered="0"/><counter type="METHOD" missed="1" covered="0"/></method><method name="deleteFieldWindow" desc="()V" line="629"><counter type="INSTRUCTION" missed="100" covered="0"/><counter type="LINE" missed="22" covered="0"/><counter type="COMPLEXITY" missed="1" covered="0"/><counter type="METHOD" missed="1" covered="0"/></method><method name="deleteMethodWindow" desc="()V" line="668"><counter type="INSTRUCTION" missed="100" covered="0"/><counter type="LINE" missed="22" covered="0"/><counter type="COMPLEXITY" missed="1" covered="0"/><counter type="METHOD" missed="1" covered="0"/></method><method name="deleteParameterWindow" desc="()V" line="707"><counter type="INSTRUCTION" missed="130" covered="0"/><counter type="LINE" missed="29" covered="0"/><counter type="COMPLEXITY" missed="1" covered="0"/><counter type="METHOD" missed="1" covered="0"/></method><method name="deleteParameterWindowLoop" desc="()V" line="755"><counter type="INSTRUCTION" missed="64" covered="0"/><counter type="LINE" missed="14" covered="0"/><counter type="COMPLEXITY" missed="1" covered="0"/><counter type="METHOD" missed="1" covered="0"/></method><method name="deleteRelWindow" desc="()V" line="783"><counter type="INSTRUCTION" missed="100" covered="0"/><counter type="LINE" missed="22" covered="0"/><counter type="COMPLEXITY" missed="1" covered="0"/><counter type="METHOD" missed="1" covered="0"/></method><method name="renameClassWindow" desc="()V" line="823"><counter type="INSTRUCTION" missed="100" covered="0"/><counter type="LINE" missed="22" covered="0"/><counter type="COMPLEXITY" missed="1" covered="0"/><counter type="METHOD" missed="1" covered="0"/></method><method name="renameFieldWindow" desc="()V" line="862"><counter type="INSTRUCTION" missed="130" covered="0"/><counter type="LINE" missed="29" covered="0"/><counter type="COMPLEXITY" missed="1" covered="0"/><counter type="METHOD" missed="1" covered="0"/></method><method name="renameMethodWindow" desc="()V" line="915"><counter type="INSTRUCTION" missed="123" covered="0"/><counter type="LINE" missed="27" covered="0"/><counter type="COMPLEXITY" missed="1" covered="0"/><counter type="METHOD" missed="1" covered="0"/></method><method name="changeParamWindow" desc="()V" line="962"><counter type="INSTRUCTION" missed="169" covered="0"/><counter type="LINE" missed="37" covered="0"/><counter type="COMPLEXITY" missed="1" covered="0"/><counter type="METHOD" missed="1" covered="0"/></method><method name="changeParameterWindowLoop" desc="()V" line="1021"><counter type="INSTRUCTION" missed="64" covered="0"/><counter type="LINE" missed="14" covered="0"/><counter type="COMPLEXITY" missed="1" covered="0"/><counter type="METHOD" missed="1" covered="0"/></method><method name="changeRelTypeWindow" desc="()V" line="1049"><counter type="INSTRUCTION" missed="146" covered="0"/><counter type="LINE" missed="32" covered="0"/><counter type="COMPLEXITY" missed="1" covered="0"/><counter type="METHOD" missed="1" covered="0"/></method><method name="showCommandsWindow" desc="()V" line="1103"><counter type="INSTRUCTION" missed="51" covered="0"/><counter type="LINE" missed="11" covered="0"/><counter type="COMPLEXITY" missed="1" covered="0"/><counter type="METHOD" missed="1" covered="0"/></method><method name="popUpWindow" desc="(Ljava/lang/String;Ljava/lang/String;)V" line="1127"><counter type="INSTRUCTION" missed="49" covered="0"/><counter type="LINE" missed="11" covered="0"/><counter type="COMPLEXITY" missed="1" covered="0"/><counter type="METHOD" missed="1" covered="0"/></method><method name="drawClassBox" desc="(Ljava/lang/String;II)V" line="1160"><counter type="INSTRUCTION" missed="84" covered="0"/><counter type="BRANCH" missed="2" covered="0"/><counter type="LINE" missed="12" covered="0"/><counter type="COMPLEXITY" missed="2" covered="0"/><counter type="METHOD" missed="1" covered="0"/></method><method name="moveClassBoxes" desc="()V" line="1196"><counter type="INSTRUCTION" missed="53" covered="0"/><counter type="BRANCH" missed="2" covered="0"/><counter type="LINE" missed="9" covered="0"/><counter type="COMPLEXITY" missed="2" covered="0"/><counter type="METHOD" missed="1" covered="0"/></method><method name="drawFieldBox" desc="(IILuml/Field;Ljava/lang/String;)V" line="1207"><counter type="INSTRUCTION" missed="53" covered="0"/><counter type="BRANCH" missed="2" covered="0"/><counter type="LINE" missed="8" covered="0"/><counter type="COMPLEXITY" missed="2" covered="0"/><counter type="METHOD" missed="1" covered="0"/></method><method name="drawMethodBox" desc="(IILuml/Method;Ljava/lang/String;)V" line="1221"><counter type="INSTRUCTION" missed="63" covered="0"/><counter type="BRANCH" missed="4" covered="0"/><counter type="LINE" missed="11" covered="0"/><counter type="COMPLEXITY" missed="3" covered="0"/><counter type="METHOD" missed="1" covered="0"/></method><method name="resizeMethod" desc="(Luml/Method;Ljava/lang/String;)V" line="1242"><counter type="INSTRUCTION" missed="70" covered="0"/><counter type="BRANCH" missed="6" covered="0"/><counter type="LINE" missed="13" covered="0"/><counter type="COMPLEXITY" missed="4" covered="0"/><counter type="METHOD" missed="1" covered="0"/></method><method name="drawLine" desc="(Ljava/lang/String;Ljava/lang/String;Ljava/lang/String;)V" line="1275"><counter type="INSTRUCTION" missed="116" covered="0"/><counter type="BRANCH" missed="19" covered="0"/><counter type="LINE" missed="22" covered="0"/><counter type="COMPLEXITY" missed="12" covered="0"/><counter type="METHOD" missed="1" covered="0"/></method><method name="emptyArrow" desc="(Luml/RelLine;)Ljava/util/ArrayList;" line="1326"><counter type="INSTRUCTION" missed="218" covered="0"/><counter type="LINE" missed="49" covered="0"/><counter type="COMPLEXITY" missed="1" covered="0"/><counter type="METHOD" missed="1" covered="0"/></method><method name="filledArrow" desc="(Luml/RelLine;)Ljava/util/ArrayList;" line="1432"><counter type="INSTRUCTION" missed="116" covered="0"/><counter type="LINE" missed="28" covered="0"/><counter type="COMPLEXITY" missed="1" covered="0"/><counter type="METHOD" missed="1" covered="0"/></method><method name="filledDiamond" desc="(Luml/RelLine;)Ljava/util/ArrayList;" line="1510"><counter type="INSTRUCTION" missed="137" covered="0"/><counter type="LINE" missed="33" covered="0"/><counter type="COMPLEXITY" missed="1" covered="0"/><counter type="METHOD" missed="1" covered="0"/></method><method name="emptyDiamond" desc="(Luml/RelLine;)Ljava/util/ArrayList;" line="1598"><counter type="INSTRUCTION" missed="204" covered="0"/><counter type="LINE" missed="47" covered="0"/><counter type="COMPLEXITY" missed="1" covered="0"/><counter type="METHOD" missed="1" covered="0"/></method><method name="findRelLine" desc="(Luml/ClassBox;Luml/ClassBox;)Luml/RelLine;" line="1698"><counter type="INSTRUCTION" missed="26" covered="0"/><counter type="BRANCH" missed="6" covered="0"/><counter type="LINE" missed="6" covered="0"/><counter type="COMPLEXITY" missed="4" covered="0"/><counter type="METHOD" missed="1" covered="0"/></method><method name="findArrow" desc="(Luml/RelLine;)Ljava/util/ArrayList;" line="1716"><counter type="INSTRUCTION" missed="34" covered="0"/><counter type="BRANCH" missed="6" covered="0"/><counter type="LINE" missed="7" covered="0"/><counter type="COMPLEXITY" missed="4" covered="0"/><counter type="METHOD" missed="1" covered="0"/></method><method name="findClassBox" desc="(Ljava/lang/String;)Luml/ClassBox;" line="1734"><counter type="INSTRUCTION" missed="23" covered="0"/><counter type="BRANCH" missed="4" covered="0"/><counter type="LINE" missed="6" covered="0"/><counter type="COMPLEXITY" missed="3" covered="0"/><counter type="METHOD" missed="1" covered="0"/></method><method name="deleteClassBox" desc="(Ljava/lang/String;)V" line="1750"><counter type="INSTRUCTION" missed="32" covered="0"/><counter type="BRANCH" missed="4" covered="0"/><counter type="LINE" missed="6" covered="0"/><counter type="COMPLEXITY" missed="3" covered="0"/><counter type="METHOD" missed="1" covered="0"/></method><method name="deleteRelLine" desc="(Luml/ClassBox;Luml/ClassBox;)V" line="1767"><counter type="INSTRUCTION" missed="78" covered="0"/><counter type="BRANCH" missed="6" covered="0"/><counter type="LINE" missed="13" covered="0"/><counter type="COMPLEXITY" missed="4" covered="0"/><counter type="METHOD" missed="1" covered="0"/></method><method name="relLineStyle" desc="(Ljava/lang/String;)Ljava/lang/String;" line="1790"><counter type="INSTRUCTION" missed="18" covered="0"/><counter type="BRANCH" missed="5" covered="0"/><counter type="LINE" missed="6" covered="0"/><counter type="COMPLEXITY" missed="5" covered="0"/><counter type="METHOD" missed="1" covered="0"/></method><method name="updateMenus" desc="()V" line="1809"><counter type="INSTRUCTION" missed="362" covered="0"/><counter type="BRANCH" missed="20" covered="0"/><counter type="LINE" missed="63" covered="0"/><counter type="COMPLEXITY" missed="11" covered="0"/><counter type="METHOD" missed="1" covered="0"/></method><method name="finalizeWindow" desc="(Ljavafx/stage/Stage;Ljavafx/scene/Group;Ljavafx/scene/layout/GridPane;Ljava/lang/String;II)V" line="1922"><counter type="INSTRUCTION" missed="48" covered="0"/><counter type="LINE" missed="13" covered="0"/><counter type="COMPLEXITY" missed="1" covered="0"/><counter type="METHOD" missed="1" covered="0"/></method><method name="addToCoordinateMap" desc="(Ljava/lang/String;Ljava/lang/Double;Ljava/lang/Double;)V" line="1944"><counter type="INSTRUCTION" missed="20" covered="0"/><counter type="LINE" missed="5" covered="0"/><counter type="COMPLEXITY" missed="1" covered="0"/><counter type="METHOD" missed="1" covered="0"/></method><method name="main" desc="([Ljava/lang/String;)V" line="1951"><counter type="INSTRUCTION" missed="3" covered="0"/><counter type="LINE" missed="2" covered="0"/><counter type="COMPLEXITY" missed="1" covered="0"/><counter type="METHOD" missed="1" covered="0"/></method><method name="lambda$emptyDiamond$67" desc="(Luml/RelLine;Ljavafx/scene/shape/Line;Ljavafx/scene/shape/Line;Ljavafx/scene/shape/Line;Ljavafx/scene/shape/Line;Ljavafx/beans/Observable;)V" line="1613"><counter type="INSTRUCTION" missed="149" covered="0"/><counter type="LINE" missed="27" covered="0"/><counter type="COMPLEXITY" missed="1" covered="0"/><counter type="METHOD" missed="1" covered="0"/></method><method name="lambda$filledDiamond$66" desc="(Luml/RelLine;Ljavafx/scene/shape/Line;Ljavafx/scene/shape/Line;Ljavafx/scene/shape/Line;Ljavafx/scene/shape/Line;Ljavafx/scene/shape/Line;Ljavafx/beans/Observable;)V" line="1529"><counter type="INSTRUCTION" missed="165" covered="0"/><counter type="LINE" missed="31" covered="0"/><counter type="COMPLEXITY" missed="1" covered="0"/><counter type="METHOD" missed="1" covered="0"/></method><method name="lambda$filledArrow$65" desc="(Luml/RelLine;Ljavafx/scene/shape/Line;Ljavafx/scene/shape/Line;Ljavafx/scene/shape/Line;Ljavafx/scene/shape/Line;Ljavafx/beans/Observable;)V" line="1448"><counter type="INSTRUCTION" missed="151" covered="0"/><counter type="LINE" missed="27" covered="0"/><counter type="COMPLEXITY" missed="1" covered="0"/><counter type="METHOD" missed="1" covered="0"/></method><method name="lambda$emptyArrow$64" desc="(Luml/RelLine;Ljavafx/scene/shape/Line;Ljavafx/scene/shape/Line;Ljavafx/scene/shape/Line;Ljavafx/scene/shape/Line;Ljavafx/beans/Observable;)V" line="1341"><counter type="INSTRUCTION" missed="171" covered="0"/><counter type="LINE" missed="30" covered="0"/><counter type="COMPLEXITY" missed="1" covered="0"/><counter type="METHOD" missed="1" covered="0"/></method><method name="lambda$drawClassBox$63" desc="(Luml/ClassBox;Ljava/lang/String;Ljavafx/scene/input/MouseEvent;)V" line="1177"><counter type="INSTRUCTION" missed="36" covered="0"/><counter type="LINE" missed="6" covered="0"/><counter type="COMPLEXITY" missed="1" covered="0"/><counter type="METHOD" missed="1" covered="0"/></method><method name="lambda$drawClassBox$62" desc="(Ljavafx/scene/input/MouseDragEvent;)V" line="1171"><counter type="INSTRUCTION" missed="9" covered="0"/><counter type="LINE" missed="3" covered="0"/><counter type="COMPLEXITY" missed="1" covered="0"/><counter type="METHOD" missed="1" covered="0"/></method><method name="lambda$popUpWindow$61" desc="(Ljavafx/stage/Stage;Ljavafx/event/ActionEvent;)V" line="1134"><counter type="INSTRUCTION" missed="5" covered="0"/><counter type="LINE" missed="1" covered="0"/><counter type="COMPLEXITY" missed="1" covered="0"/><counter type="METHOD" missed="1" covered="0"/></method><method name="lambda$showCommandsWindow$60" desc="(Ljavafx/stage/Stage;Ljavafx/event/ActionEvent;)V" line="1110"><counter type="INSTRUCTION" missed="5" covered="0"/><counter type="LINE" missed="1" covered="0"/><counter type="COMPLEXITY" missed="1" covered="0"/><counter type="METHOD" missed="1" covered="0"/></method><method name="lambda$changeRelTypeWindow$59" desc="(Ljavafx/stage/Stage;Ljavafx/event/ActionEvent;)V" line="1081"><counter type="INSTRUCTION" missed="5" covered="0"/><counter type="LINE" missed="1" covered="0"/><counter type="COMPLEXITY" missed="1" covered="0"/><counter type="METHOD" missed="1" covered="0"/></method><method name="lambda$changeRelTypeWindow$58" desc="(Ljavafx/scene/control/TextField;Ljavafx/scene/control/TextField;Ljavafx/scene/control/TextField;Ljavafx/scene/control/TextField;Ljavafx/stage/Stage;Ljavafx/event/ActionEvent;)V" line="1075"><counter type="INSTRUCTION" missed="15" covered="0"/><counter type="LINE" missed="4" covered="0"/><counter type="COMPLEXITY" missed="1" covered="0"/><counter type="METHOD" missed="1" covered="0"/></method><method name="lambda$changeParameterWindowLoop$57" desc="(Ljavafx/stage/Stage;Ljavafx/event/ActionEvent;)V" line="1034"><counter type="INSTRUCTION" missed="5" covered="0"/><counter type="LINE" missed="1" covered="0"/><counter type="COMPLEXITY" missed="1" covered="0"/><counter type="METHOD" missed="1" covered="0"/></method><method name="lambda$changeParameterWindowLoop$56" desc="(Ljavafx/stage/Stage;Ljavafx/event/ActionEvent;)V" line="1029"><counter type="INSTRUCTION" missed="5" covered="0"/><counter type="LINE" missed="3" covered="0"/><counter type="COMPLEXITY" missed="1" covered="0"/><counter type="METHOD" missed="1" covered="0"/></method><method name="lambda$changeParamWindow$55" desc="(Ljavafx/stage/Stage;Ljavafx/event/ActionEvent;)V" line="1000"><counter type="INSTRUCTION" missed="5" covered="0"/><counter type="LINE" missed="1" covered="0"/><counter type="COMPLEXITY" missed="1" covered="0"/><counter type="METHOD" missed="1" covered="0"/></method><method name="lambda$changeParamWindow$54" desc="(Ljavafx/scene/control/TextField;Ljavafx/scene/control/TextField;Ljavafx/scene/control/TextField;Ljavafx/scene/control/TextField;Ljavafx/scene/control/TextField;Ljavafx/stage/Stage;Ljavafx/event/ActionEvent;)V" line="993"><counter type="INSTRUCTION" missed="20" covered="0"/><counter type="BRANCH" missed="2" covered="0"/><counter type="LINE" missed="5" covered="0"/><counter type="COMPLEXITY" missed="2" covered="0"/><counter type="METHOD" missed="1" covered="0"/></method><method name="lambda$renameMethodWindow$53" desc="(Ljavafx/stage/Stage;Ljavafx/event/ActionEvent;)V" line="942"><counter type="INSTRUCTION" missed="5" covered="0"/><counter type="LINE" missed="1" covered="0"/><counter type="COMPLEXITY" missed="1" covered="0"/><counter type="METHOD" missed="1" covered="0"/></method><method name="lambda$renameMethodWindow$52" desc="(Ljavafx/scene/control/TextField;Ljavafx/scene/control/TextField;Ljavafx/scene/control/TextField;Ljavafx/stage/Stage;Ljavafx/event/ActionEvent;)V" line="936"><counter type="INSTRUCTION" missed="13" covered="0"/><counter type="LINE" missed="4" covered="0"/><counter type="COMPLEXITY" missed="1" covered="0"/><counter type="METHOD" missed="1" covered="0"/></method><method name="lambda$renameFieldWindow$51" desc="(Ljavafx/stage/Stage;Ljavafx/event/ActionEvent;)V" line="893"><counter type="INSTRUCTION" missed="5" covered="0"/><counter type="LINE" missed="1" covered="0"/><counter type="COMPLEXITY" missed="1" covered="0"/><counter type="METHOD" missed="1" covered="0"/></method><method name="lambda$renameFieldWindow$50" desc="(Ljavafx/scene/control/TextField;Ljavafx/scene/control/TextField;Ljavafx/scene/control/TextField;Ljavafx/stage/Stage;Ljavafx/event/ActionEvent;)V" line="886"><counter type="INSTRUCTION" missed="13" covered="0"/><counter type="LINE" missed="5" covered="0"/><counter type="COMPLEXITY" missed="1" covered="0"/><counter type="METHOD" missed="1" covered="0"/></method><method name="lambda$renameClassWindow$49" desc="(Ljavafx/stage/Stage;Ljavafx/event/ActionEvent;)V" line="844"><counter type="INSTRUCTION" missed="5" covered="0"/><counter type="LINE" missed="1" covered="0"/><counter type="COMPLEXITY" missed="1" covered="0"/><counter type="METHOD" missed="1" covered="0"/></method><method name="lambda$renameClassWindow$48" desc="(Ljavafx/scene/control/TextField;Ljavafx/scene/control/TextField;Ljavafx/stage/Stage;Ljavafx/event/ActionEvent;)V" line="839"><counter type="INSTRUCTION" missed="11" covered="0"/><counter type="LINE" missed="3" covered="0"/><counter type="COMPLEXITY" missed="1" covered="0"/><counter type="METHOD" missed="1" covered="0"/></method><method name="lambda$deleteRelWindow$47" desc="(Ljavafx/stage/Stage;Ljavafx/event/ActionEvent;)V" line="805"><counter type="INSTRUCTION" missed="5" covered="0"/><counter type="LINE" missed="1" covered="0"/><counter type="COMPLEXITY" missed="1" covered="0"/><counter type="METHOD" missed="1" covered="0"/></method><method name="lambda$deleteRelWindow$46" desc="(Ljavafx/scene/control/TextField;Ljavafx/scene/control/TextField;Ljavafx/stage/Stage;Ljavafx/event/ActionEvent;)V" line="799"><counter type="INSTRUCTION" missed="11" covered="0"/><counter type="LINE" missed="4" covered="0"/><counter type="COMPLEXITY" missed="1" covered="0"/><counter type="METHOD" missed="1" covered="0"/></method><method name="lambda$deleteParameterWindowLoop$45" desc="(Ljavafx/stage/Stage;Ljavafx/event/ActionEvent;)V" line="768"><counter type="INSTRUCTION" missed="5" covered="0"/><counter type="LINE" missed="1" covered="0"/><counter type="COMPLEXITY" missed="1" covered="0"/><counter type="METHOD" missed="1" covered="0"/></method><method name="lambda$deleteParameterWindowLoop$44" desc="(Ljavafx/stage/Stage;Ljavafx/event/ActionEvent;)V" line="763"><counter type="INSTRUCTION" missed="5" covered="0"/><counter type="LINE" missed="3" covered="0"/><counter type="COMPLEXITY" missed="1" covered="0"/><counter type="METHOD" missed="1" covered="0"/></method><method name="lambda$deleteParameterWindow$43" desc="(Ljavafx/stage/Stage;Ljavafx/event/ActionEvent;)V" line="738"><counter type="INSTRUCTION" missed="5" covered="0"/><counter type="LINE" missed="1" covered="0"/><counter type="COMPLEXITY" missed="1" covered="0"/><counter type="METHOD" missed="1" covered="0"/></method><method name="lambda$deleteParameterWindow$42" desc="(Ljavafx/scene/control/TextField;Ljavafx/scene/control/TextField;Ljavafx/scene/control/TextField;Ljavafx/stage/Stage;Ljavafx/event/ActionEvent;)V" line="731"><counter type="INSTRUCTION" missed="16" covered="0"/><counter type="BRANCH" missed="2" covered="0"/><counter type="LINE" missed="4" covered="0"/><counter type="COMPLEXITY" missed="2" covered="0"/><counter type="METHOD" missed="1" covered="0"/></method><method name="lambda$deleteMethodWindow$41" desc="(Ljavafx/stage/Stage;Ljavafx/event/ActionEvent;)V" line="689"><counter type="INSTRUCTION" missed="5" covered="0"/><counter type="LINE" missed="1" covered="0"/><counter type="COMPLEXITY" missed="1" covered="0"/><counter type="METHOD" missed="1" covered="0"/></method><method name="lambda$deleteMethodWindow$40" desc="(Ljavafx/scene/control/TextField;Ljavafx/scene/control/TextField;Ljavafx/stage/Stage;Ljavafx/event/ActionEvent;)V" line="684"><counter type="INSTRUCTION" missed="11" covered="0"/><counter type="LINE" missed="3" covered="0"/><counter type="COMPLEXITY" missed="1" covered="0"/><counter type="METHOD" missed="1" covered="0"/></method><method name="lambda$deleteFieldWindow$39" desc="(Ljavafx/stage/Stage;Ljavafx/event/ActionEvent;)V" line="650"><counter type="INSTRUCTION" missed="5" covered="0"/><counter type="LINE" missed="1" covered="0"/><counter type="COMPLEXITY" missed="1" covered="0"/><counter type="METHOD" missed="1" covered="0"/></method><method name="lambda$deleteFieldWindow$38" desc="(Ljavafx/scene/control/TextField;Ljavafx/scene/control/TextField;Ljavafx/stage/Stage;Ljavafx/event/ActionEvent;)V" line="645"><counter type="INSTRUCTION" missed="11" covered="0"/><counter type="LINE" missed="3" covered="0"/><counter type="COMPLEXITY" missed="1" covered="0"/><counter type="METHOD" missed="1" covered="0"/></method><method name="lambda$deleteClassWindow$37" desc="(Ljavafx/stage/Stage;Ljavafx/event/ActionEvent;)V" line="613"><counter type="INSTRUCTION" missed="5" covered="0"/><counter type="LINE" missed="1" covered="0"/><counter type="COMPLEXITY" missed="1" covered="0"/><counter type="METHOD" missed="1" covered="0"/></method><method name="lambda$deleteClassWindow$36" desc="(Ljavafx/scene/control/TextField;Ljavafx/stage/Stage;Ljavafx/event/ActionEvent;)V" line="608"><counter type="INSTRUCTION" missed="9" covered="0"/><counter type="LINE" missed="3" covered="0"/><counter type="COMPLEXITY" missed="1" covered="0"/><counter type="METHOD" missed="1" covered="0"/></method><method name="lambda$addParameterWindowLoop$35" desc="(Ljavafx/stage/Stage;Ljavafx/event/ActionEvent;)V" line="582"><counter type="INSTRUCTION" missed="5" covered="0"/><counter type="LINE" missed="1" covered="0"/><counter type="COMPLEXITY" missed="1" covered="0"/><counter type="METHOD" missed="1" covered="0"/></method><method name="lambda$addParameterWindowLoop$34" desc="(Ljavafx/stage/Stage;Ljavafx/event/ActionEvent;)V" line="577"><counter type="INSTRUCTION" missed="5" covered="0"/><counter type="LINE" missed="3" covered="0"/><counter type="COMPLEXITY" missed="1" covered="0"/><counter type="METHOD" missed="1" covered="0"/></method><method name="lambda$addParameterWindow$33" desc="(Ljavafx/stage/Stage;Ljavafx/event/ActionEvent;)V" line="550"><counter type="INSTRUCTION" missed="5" covered="0"/><counter type="LINE" missed="1" covered="0"/><counter type="COMPLEXITY" missed="1" covered="0"/><counter type="METHOD" missed="1" covered="0"/></method><method name="lambda$addParameterWindow$32" desc="(Ljavafx/scene/control/TextField;Ljavafx/scene/control/TextField;Ljavafx/scene/control/TextField;Ljavafx/scene/control/TextField;Ljavafx/stage/Stage;Ljavafx/event/ActionEvent;)V" line="543"><counter type="INSTRUCTION" missed="18" covered="0"/><counter type="BRANCH" missed="2" covered="0"/><counter type="LINE" missed="5" covered="0"/><counter type="COMPLEXITY" missed="2" covered="0"/><counter type="METHOD" missed="1" covered="0"/></method><method name="lambda$addRelWindow$31" desc="(Ljavafx/stage/Stage;Ljavafx/event/ActionEvent;)V" line="497"><counter type="INSTRUCTION" missed="5" covered="0"/><counter type="LINE" missed="1" covered="0"/><counter type="COMPLEXITY" missed="1" covered="0"/><counter type="METHOD" missed="1" covered="0"/></method><method name="lambda$addRelWindow$30" desc="(Ljavafx/scene/control/TextField;Ljavafx/scene/control/TextField;Ljavafx/scene/control/TextField;Ljavafx/stage/Stage;Ljavafx/event/ActionEvent;)V" line="491"><counter type="INSTRUCTION" missed="13" covered="0"/><counter type="LINE" missed="4" covered="0"/><counter type="COMPLEXITY" missed="1" covered="0"/><counter type="METHOD" missed="1" covered="0"/></method><method name="lambda$addMethodWindow$29" desc="(Ljavafx/stage/Stage;Ljavafx/event/ActionEvent;)V" line="450"><counter type="INSTRUCTION" missed="5" covered="0"/><counter type="LINE" missed="1" covered="0"/><counter type="COMPLEXITY" missed="1" covered="0"/><counter type="METHOD" missed="1" covered="0"/></method><method name="lambda$addMethodWindow$28" desc="(Ljavafx/scene/control/TextField;Ljavafx/scene/control/TextField;Ljavafx/scene/control/TextField;Ljavafx/stage/Stage;Ljavafx/event/ActionEvent;)V" line="445"><counter type="INSTRUCTION" missed="13" covered="0"/><counter type="LINE" missed="3" covered="0"/><counter type="COMPLEXITY" missed="1" covered="0"/><counter type="METHOD" missed="1" covered="0"/></method><method name="lambda$addFieldWindow$27" desc="(Ljavafx/stage/Stage;Ljavafx/event/ActionEvent;)V" line="404"><counter type="INSTRUCTION" missed="5" covered="0"/><counter type="LINE" missed="1" covered="0"/><counter type="COMPLEXITY" missed="1" covered="0"/><counter type="METHOD" missed="1" covered="0"/></method><method name="lambda$addFieldWindow$26" desc="(Ljavafx/scene/control/TextField;Ljavafx/scene/control/TextField;Ljavafx/scene/control/TextField;Ljavafx/stage/Stage;Ljavafx/event/ActionEvent;)V" line="399"><counter type="INSTRUCTION" missed="13" covered="0"/><counter type="LINE" missed="3" covered="0"/><counter type="COMPLEXITY" missed="1" covered="0"/><counter type="METHOD" missed="1" covered="0"/></method><method name="lambda$addClassWindow$25" desc="(Ljavafx/stage/Stage;Ljavafx/event/ActionEvent;)V" line="362"><counter type="INSTRUCTION" missed="5" covered="0"/><counter type="LINE" missed="1" covered="0"/><counter type="COMPLEXITY" missed="1" covered="0"/><counter type="METHOD" missed="1" covered="0"/></method><method name="lambda$addClassWindow$24" desc="(Ljavafx/scene/control/TextField;Ljavafx/stage/Stage;Ljavafx/event/ActionEvent;)V" line="357"><counter type="INSTRUCTION" missed="9" covered="0"/><counter type="LINE" missed="3" covered="0"/><counter type="COMPLEXITY" missed="1" covered="0"/><counter type="METHOD" missed="1" covered="0"/></method><method name="lambda$createDiagramMenu$23" desc="(Ljavafx/event/ActionEvent;)V" line="261"><counter type="INSTRUCTION" missed="3" covered="0"/><counter type="LINE" missed="1" covered="0"/><counter type="COMPLEXITY" missed="1" covered="0"/><counter type="METHOD" missed="1" covered="0"/></method><method name="lambda$createDiagramMenu$22" desc="(Ljavafx/event/ActionEvent;)V" line="252"><counter type="INSTRUCTION" missed="4" covered="0"/><counter type="LINE" missed="1" covered="0"/><counter type="COMPLEXITY" missed="1" covered="0"/><counter type="METHOD" missed="1" covered="0"/></method><method name="lambda$createDiagramMenu$21" desc="(Ljavafx/event/ActionEvent;)V" line="249"><counter type="INSTRUCTION" missed="4" covered="0"/><counter type="LINE" missed="1" covered="0"/><counter type="COMPLEXITY" missed="1" covered="0"/><counter type="METHOD" missed="1" covered="0"/></method><method name="lambda$createDiagramMenu$20" desc="(Ljavafx/event/ActionEvent;)V" line="243"><counter type="INSTRUCTION" missed="3" covered="0"/><counter type="LINE" missed="1" covered="0"/><counter type="COMPLEXITY" missed="1" covered="0"/><counter type="METHOD" missed="1" covered="0"/></method><method name="lambda$createDiagramMenu$19" desc="(Ljavafx/event/ActionEvent;)V" line="240"><counter type="INSTRUCTION" missed="3" covered="0"/><counter type="LINE" missed="1" covered="0"/><counter type="COMPLEXITY" missed="1" covered="0"/><counter type="METHOD" missed="1" covered="0"/></method><method name="lambda$createDiagramMenu$18" desc="(Ljavafx/event/ActionEvent;)V" line="233"><counter type="INSTRUCTION" missed="3" covered="0"/><counter type="LINE" missed="1" covered="0"/><counter type="COMPLEXITY" missed="1" covered="0"/><counter type="METHOD" missed="1" covered="0"/></method><method name="lambda$createDiagramMenu$17" desc="(Ljavafx/event/ActionEvent;)V" line="230"><counter type="INSTRUCTION" missed="3" covered="0"/><counter type="LINE" missed="1" covered="0"/><counter type="COMPLEXITY" missed="1" covered="0"/><counter type="METHOD" missed="1" covered="0"/></method><method name="lambda$createDiagramMenu$16" desc="(Ljavafx/event/ActionEvent;)V" line="225"><counter type="INSTRUCTION" missed="3" covered="0"/><counter type="LINE" missed="1" covered="0"/><counter type="COMPLEXITY" missed="1" covered="0"/><counter type="METHOD" missed="1" covered="0"/></method><method name="lambda$createDiagramMenu$15" desc="(Ljavafx/event/ActionEvent;)V" line="214"><counter type="INSTRUCTION" missed="3" covered="0"/><counter type="LINE" missed="1" covered="0"/><counter type="COMPLEXITY" missed="1" covered="0"/><counter type="METHOD" missed="1" covered="0"/></method><method name="lambda$createDiagramMenu$14" desc="(Ljavafx/event/ActionEvent;)V" line="209"><counter type="INSTRUCTION" missed="3" covered="0"/><counter type="LINE" missed="1" covered="0"/><counter type="COMPLEXITY" missed="1" covered="0"/><counter type="METHOD" missed="1" covered="0"/></method><method name="lambda$createDiagramMenu$13" desc="(Ljavafx/event/ActionEvent;)V" line="206"><counter type="INSTRUCTION" missed="3" covered="0"/><counter type="LINE" missed="1" covered="0"/><counter type="COMPLEXITY" missed="1" covered="0"/><counter type="METHOD" missed="1" covered="0"/></method><method name="lambda$createDiagramMenu$12" desc="(Ljavafx/event/ActionEvent;)V" line="203"><counter type="INSTRUCTION" missed="3" covered="0"/><counter type="LINE" missed="1" covered="0"/><counter type="COMPLEXITY" missed="1" covered="0"/><counter type="METHOD" missed="1" covered="0"/></method><method name="lambda$createDiagramMenu$11" desc="(Ljavafx/event/ActionEvent;)V" line="198"><counter type="INSTRUCTION" missed="3" covered="0"/><counter type="LINE" missed="1" covered="0"/><counter type="COMPLEXITY" missed="1" covered="0"/><counter type="METHOD" missed="1" covered="0"/></method><method name="lambda$createDiagramMenu$10" desc="(Ljavafx/event/ActionEvent;)V" line="187"><counter type="INSTRUCTION" missed="3" covered="0"/><counter type="LINE" missed="1" covered="0"/><counter type="COMPLEXITY" missed="1" covered="0"/><counter type="METHOD" missed="1" covered="0"/></method><method name="lambda$createDiagramMenu$9" desc="(Ljavafx/event/ActionEvent;)V" line="184"><counter type="INSTRUCTION" missed="3" covered="0"/><counter type="LINE" missed="1" covered="0"/><counter type="COMPLEXITY" missed="1" covered="0"/><counter type="METHOD" missed="1" covered="0"/></method><method name="lambda$createDiagramMenu$8" desc="(Ljavafx/event/ActionEvent;)V" line="180"><counter type="INSTRUCTION" missed="3" covered="0"/><counter type="LINE" missed="1" covered="0"/><counter type="COMPLEXITY" missed="1" covered="0"/><counter type="METHOD" missed="1" covered="0"/></method><method name="lambda$createDiagramMenu$7" desc="(Ljavafx/event/ActionEvent;)V" line="177"><counter type="INSTRUCTION" missed="3" covered="0"/><counter type="LINE" missed="1" covered="0"/><counter type="COMPLEXITY" missed="1" covered="0"/><counter type="METHOD" missed="1" covered="0"/></method><method name="lambda$createDiagramMenu$6" desc="(Ljavafx/event/ActionEvent;)V" line="172"><counter type="INSTRUCTION" missed="3" covered="0"/><counter type="LINE" missed="1" covered="0"/><counter type="COMPLEXITY" missed="1" covered="0"/><counter type="METHOD" missed="1" covered="0"/></method><method name="lambda$createDiagramMenu$5" desc="(Ljavafx/event/ActionEvent;)V" line="161"><counter type="INSTRUCTION" missed="3" covered="0"/><counter type="LINE" missed="1" covered="0"/><counter type="COMPLEXITY" missed="1" covered="0"/><counter type="METHOD" missed="1" covered="0"/></method><method name="lambda$createDiagramMenu$4" desc="(Ljavafx/event/ActionEvent;)V" line="153"><counter type="INSTRUCTION" missed="12" covered="0"/><counter type="BRANCH" missed="2" covered="0"/><counter type="LINE" missed="4" covered="0"/><counter type="COMPLEXITY" missed="2" covered="0"/><counter type="METHOD" missed="1" covered="0"/></method><method name="lambda$createDiagramMenu$3" desc="(Ljavafx/event/ActionEvent;)V" line="149"><counter type="INSTRUCTION" missed="3" covered="0"/><counter type="LINE" missed="1" covered="0"/><counter type="COMPLEXITY" missed="1" covered="0"/><counter type="METHOD" missed="1" covered="0"/></method><method name="lambda$start$2" desc="(Ljavafx/scene/input/ScrollEvent;)V" line="108"><counter type="INSTRUCTION" missed="55" covered="0"/><counter type="BRANCH" missed="6" covered="0"/><counter type="LINE" missed="11" covered="0"/><counter type="COMPLEXITY" missed="4" covered="0"/><counter type="METHOD" missed="1" covered="0"/></method><method name="lambda$start$1" desc="(Ljavafx/stage/Stage;Ljavafx/beans/value/ObservableValue;Ljava/lang/Number;Ljava/lang/Number;)V" line="102"><counter type="INSTRUCTION" missed="9" covered="0"/><counter type="LINE" missed="3" covered="0"/><counter type="COMPLEXITY" missed="1" covered="0"/><counter type="METHOD" missed="1" covered="0"/></method><method name="lambda$start$0" desc="(Ljavafx/stage/Stage;Ljavafx/beans/value/ObservableValue;Ljava/lang/Number;Ljava/lang/Number;)V" line="97"><counter type="INSTRUCTION" missed="9" covered="0"/><counter type="LINE" missed="3" covered="0"/><counter type="COMPLEXITY" missed="1" covered="0"/><counter type="METHOD" missed="1" covered="0"/></method><method name="&lt;clinit&gt;" desc="()V" line="37"><counter type="INSTRUCTION" missed="8" covered="0"/><counter type="BRANCH" missed="2" covered="0"/><counter type="LINE" missed="1" covered="0"/><counter type="COMPLEXITY" missed="2" covered="0"/><counter type="METHOD" missed="1" covered="0"/></method><counter type="INSTRUCTION" missed="5761" covered="0"/><counter type="BRANCH" missed="108" covered="0"/><counter type="LINE" missed="1160" covered="0"/><counter type="COMPLEXITY" missed="177" covered="0"/><counter type="METHOD" missed="120" covered="0"/><counter type="CLASS" missed="1" covered="0"/></class><class name="uml/UMLModel" sourcefilename="UMLModel.java"><method name="&lt;init&gt;" desc="()V" line="21"><counter type="INSTRUCTION" missed="0" covered="18"/><counter type="LINE" missed="0" covered="5"/><counter type="COMPLEXITY" missed="0" covered="1"/><counter type="METHOD" missed="0" covered="1"/></method><method name="&lt;init&gt;" desc="(Ljava/util/ArrayList;Ljava/util/ArrayList;Ljava/util/HashMap;)V" line="33"><counter type="INSTRUCTION" missed="0" covered="165"/><counter type="BRANCH" missed="0" covered="14"/><counter type="LINE" missed="0" covered="31"/><counter type="COMPLEXITY" missed="0" covered="8"/><counter type="METHOD" missed="0" covered="1"/></method><method name="&lt;init&gt;" desc="(Luml/UMLModel;)V" line="81"><counter type="INSTRUCTION" missed="0" covered="9"/><counter type="LINE" missed="0" covered="2"/><counter type="COMPLEXITY" missed="0" covered="1"/><counter type="METHOD" missed="0" covered="1"/></method><method name="getClassList" desc="()Ljava/util/ArrayList;" line="84"><counter type="INSTRUCTION" missed="0" covered="3"/><counter type="LINE" missed="0" covered="1"/><counter type="COMPLEXITY" missed="0" covered="1"/><counter type="METHOD" missed="0" covered="1"/></method><method name="setClassList" desc="(Ljava/util/ArrayList;)V" line="86"><counter type="INSTRUCTION" missed="0" covered="4"/><counter type="LINE" missed="0" covered="1"/><counter type="COMPLEXITY" missed="0" covered="1"/><counter type="METHOD" missed="0" covered="1"/></method><method name="getRelationshipList" desc="()Ljava/util/ArrayList;" line="89"><counter type="INSTRUCTION" missed="0" covered="3"/><counter type="LINE" missed="0" covered="1"/><counter type="COMPLEXITY" missed="0" covered="1"/><counter type="METHOD" missed="0" covered="1"/></method><method name="setRelationshipList" desc="(Ljava/util/ArrayList;)V" line="92"><counter type="INSTRUCTION" missed="0" covered="4"/><counter type="LINE" missed="0" covered="1"/><counter type="COMPLEXITY" missed="0" covered="1"/><counter type="METHOD" missed="0" covered="1"/></method><method name="getCoordinateMap" desc="()Ljava/util/HashMap;" line="94"><counter type="INSTRUCTION" missed="0" covered="4"/><counter type="LINE" missed="0" covered="1"/><counter type="COMPLEXITY" missed="0" covered="1"/><counter type="METHOD" missed="0" covered="1"/></method><method name="setCoordinateMap" desc="(Ljava/util/HashMap;)V" line="96"><counter type="INSTRUCTION" missed="0" covered="4"/><counter type="LINE" missed="0" covered="1"/><counter type="COMPLEXITY" missed="0" covered="1"/><counter type="METHOD" missed="0" covered="1"/></method><method name="addClass" desc="(Luml/UMLClass;)V" line="98"><counter type="INSTRUCTION" missed="0" covered="6"/><counter type="LINE" missed="0" covered="1"/><counter type="COMPLEXITY" missed="0" covered="1"/><counter type="METHOD" missed="0" covered="1"/></method><method name="deleteClass" desc="(Luml/UMLClass;)V" line="101"><counter type="INSTRUCTION" missed="0" covered="6"/><counter type="LINE" missed="0" covered="2"/><counter type="COMPLEXITY" missed="0" covered="1"/><counter type="METHOD" missed="0" covered="1"/></method><method name="clearClassList" desc="()V" line="105"><counter type="INSTRUCTION" missed="0" covered="4"/><counter type="LINE" missed="0" covered="2"/><counter type="COMPLEXITY" missed="0" covered="1"/><counter type="METHOD" missed="0" covered="1"/></method><method name="addRel" desc="(Luml/Relationship;)V" line="109"><counter type="INSTRUCTION" missed="0" covered="6"/><counter type="LINE" missed="0" covered="2"/><counter type="COMPLEXITY" missed="0" covered="1"/><counter type="METHOD" missed="0" covered="1"/></method><method name="deleteRel" desc="(Luml/Relationship;)V" line="113"><counter type="INSTRUCTION" missed="0" covered="6"/><counter type="LINE" missed="0" covered="2"/><counter type="COMPLEXITY" missed="0" covered="1"/><counter type="METHOD" missed="0" covered="1"/></method><method name="clearRelationshipList" desc="()V" line="117"><counter type="INSTRUCTION" missed="0" covered="4"/><counter type="LINE" missed="0" covered="2"/><counter type="COMPLEXITY" missed="0" covered="1"/><counter type="METHOD" missed="0" covered="1"/></method><method name="findClass" desc="(Ljava/lang/String;)Luml/UMLClass;" line="127"><counter type="INSTRUCTION" missed="0" covered="21"/><counter type="BRANCH" missed="0" covered="4"/><counter type="LINE" missed="0" covered="5"/><counter type="COMPLEXITY" missed="0" covered="3"/><counter type="METHOD" missed="0" covered="1"/></method><method name="findRelationship" desc="(Ljava/lang/String;Ljava/lang/String;Ljava/lang/String;)Luml/Relationship;" line="150"><counter type="INSTRUCTION" missed="0" covered="33"/><counter type="BRANCH" missed="0" covered="8"/><counter type="LINE" missed="0" covered="7"/><counter type="COMPLEXITY" missed="0" covered="5"/><counter type="METHOD" missed="0" covered="1"/></method><method name="findRelType" desc="(Ljava/lang/String;Ljava/lang/String;)Ljava/lang/String;" line="171"><counter type="INSTRUCTION" missed="0" covered="29"/><counter type="BRANCH" missed="0" covered="6"/><counter type="LINE" missed="0" covered="6"/><counter type="COMPLEXITY" missed="0" covered="4"/><counter type="METHOD" missed="0" covered="1"/></method><method name="isRelated" desc="(Ljava/lang/String;Ljava/lang/String;)Z" line="191"><counter type="INSTRUCTION" missed="0" covered="25"/><counter type="BRANCH" missed="0" covered="4"/><counter type="LINE" missed="0" covered="5"/><counter type="COMPLEXITY" missed="0" covered="3"/><counter type="METHOD" missed="0" covered="1"/></method><method name="checkType" desc="(Ljava/lang/String;)Z" line="206"><counter type="INSTRUCTION" missed="0" covered="12"/><counter type="BRANCH" missed="0" covered="2"/><counter type="LINE" missed="0" covered="3"/><counter type="COMPLEXITY" missed="0" covered="2"/><counter type="METHOD" missed="0" covered="1"/></method><method name="changeRelType" desc="(Ljava/lang/String;Ljava/lang/String;Ljava/lang/String;)V" line="221"><counter type="INSTRUCTION" missed="0" covered="28"/><counter type="BRANCH" missed="0" covered="6"/><counter type="LINE" missed="0" covered="6"/><counter type="COMPLEXITY" missed="0" covered="4"/><counter type="METHOD" missed="0" covered="1"/></method><method name="updateRelationshipList" desc="(Ljava/lang/String;)Ljava/util/ArrayList;" line="237"><counter type="INSTRUCTION" missed="0" covered="9"/><counter type="LINE" missed="0" covered="2"/><counter type="COMPLEXITY" missed="0" covered="1"/><counter type="METHOD" missed="0" covered="1"/></method><method name="isValidIdentifier" desc="(Ljava/lang/String;)Z" line="254"><counter type="INSTRUCTION" missed="0" covered="31"/><counter type="BRANCH" missed="0" covered="8"/><counter type="LINE" missed="0" covered="9"/><counter type="COMPLEXITY" missed="0" covered="5"/><counter type="METHOD" missed="0" covered="1"/></method><method name="isNotValidInput" desc="(Ljava/lang/String;)Z" line="276"><counter type="INSTRUCTION" missed="0" covered="18"/><counter type="BRANCH" missed="0" covered="2"/><counter type="LINE" missed="0" covered="4"/><counter type="COMPLEXITY" missed="0" covered="2"/><counter type="METHOD" missed="0" covered="1"/></method><method name="getCLIHelpMenu" desc="()Ljava/lang/String;" line="289"><counter type="INSTRUCTION" missed="0" covered="2"/><counter type="LINE" missed="0" covered="1"/><counter type="COMPLEXITY" missed="0" covered="1"/><counter type="METHOD" missed="0" covered="1"/></method><method name="getGUIHelpMenu" desc="()Ljava/lang/String;" line="330"><counter type="INSTRUCTION" missed="0" covered="2"/><counter type="LINE" missed="0" covered="1"/><counter type="COMPLEXITY" missed="0" covered="1"/><counter type="METHOD" missed="0" covered="1"/></method><method name="lambda$updateRelationshipList$0" desc="(Ljava/lang/String;Luml/Relationship;)Z" line="237"><counter type="INSTRUCTION" missed="0" covered="16"/><counter type="BRANCH" missed="0" covered="4"/><counter type="LINE" missed="0" covered="2"/><counter type="COMPLEXITY" missed="0" covered="3"/><counter type="METHOD" missed="0" covered="1"/></method><counter type="INSTRUCTION" missed="0" covered="472"/><counter type="BRANCH" missed="0" covered="58"/><counter type="LINE" missed="0" covered="105"/><counter type="COMPLEXITY" missed="0" covered="56"/><counter type="METHOD" missed="0" covered="27"/><counter type="CLASS" missed="0" covered="1"/></class><class name="uml/ClassBox" sourcefilename="ClassBox.java"><method name="&lt;init&gt;" desc="(Ljava/lang/String;)V" line="15"><counter type="INSTRUCTION" missed="80" covered="0"/><counter type="LINE" missed="16" covered="0"/><counter type="COMPLEXITY" missed="1" covered="0"/><counter type="METHOD" missed="1" covered="0"/></method><method name="getX" desc="()D" line="43"><counter type="INSTRUCTION" missed="3" covered="0"/><counter type="LINE" missed="1" covered="0"/><counter type="COMPLEXITY" missed="1" covered="0"/><counter type="METHOD" missed="1" covered="0"/></method><method name="setX" desc="(D)V" line="45"><counter type="INSTRUCTION" missed="4" covered="0"/><counter type="LINE" missed="1" covered="0"/><counter type="COMPLEXITY" missed="1" covered="0"/><counter type="METHOD" missed="1" covered="0"/></method><method name="getY" desc="()D" line="47"><counter type="INSTRUCTION" missed="3" covered="0"/><counter type="LINE" missed="1" covered="0"/><counter type="COMPLEXITY" missed="1" covered="0"/><counter type="METHOD" missed="1" covered="0"/></method><method name="setY" desc="(D)V" line="49"><counter type="INSTRUCTION" missed="4" covered="0"/><counter type="LINE" missed="1" covered="0"/><counter type="COMPLEXITY" missed="1" covered="0"/><counter type="METHOD" missed="1" covered="0"/></method><method name="getClassPane" desc="()Ljavafx/scene/layout/StackPane;" line="52"><counter type="INSTRUCTION" missed="3" covered="0"/><counter type="LINE" missed="1" covered="0"/><counter type="COMPLEXITY" missed="1" covered="0"/><counter type="METHOD" missed="1" covered="0"/></method><method name="setClassPane" desc="(Ljavafx/scene/layout/StackPane;)V" line="56"><counter type="INSTRUCTION" missed="4" covered="0"/><counter type="LINE" missed="2" covered="0"/><counter type="COMPLEXITY" missed="1" covered="0"/><counter type="METHOD" missed="1" covered="0"/></method><method name="getFlow" desc="()Ljavafx/scene/text/TextFlow;" line="60"><counter type="INSTRUCTION" missed="3" covered="0"/><counter type="LINE" missed="1" covered="0"/><counter type="COMPLEXITY" missed="1" covered="0"/><counter type="METHOD" missed="1" covered="0"/></method><method name="setFlow" desc="(Ljavafx/scene/text/TextFlow;)V" line="64"><counter type="INSTRUCTION" missed="4" covered="0"/><counter type="LINE" missed="2" covered="0"/><counter type="COMPLEXITY" missed="1" covered="0"/><counter type="METHOD" missed="1" covered="0"/></method><method name="getClassBoxName" desc="()Ljava/lang/String;" line="68"><counter type="INSTRUCTION" missed="3" covered="0"/><counter type="LINE" missed="1" covered="0"/><counter type="COMPLEXITY" missed="1" covered="0"/><counter type="METHOD" missed="1" covered="0"/></method><method name="setClassBoxName" desc="(Ljava/lang/String;)V" line="72"><counter type="INSTRUCTION" missed="4" covered="0"/><counter type="LINE" missed="2" covered="0"/><counter type="COMPLEXITY" missed="1" covered="0"/><counter type="METHOD" missed="1" covered="0"/></method><method name="getClassTitle" desc="()Ljavafx/scene/text/Text;" line="76"><counter type="INSTRUCTION" missed="3" covered="0"/><counter type="LINE" missed="1" covered="0"/><counter type="COMPLEXITY" missed="1" covered="0"/><counter type="METHOD" missed="1" covered="0"/></method><method name="setClassTitle" desc="(Ljavafx/scene/text/Text;)V" line="80"><counter type="INSTRUCTION" missed="4" covered="0"/><counter type="LINE" missed="2" covered="0"/><counter type="COMPLEXITY" missed="1" covered="0"/><counter type="METHOD" missed="1" covered="0"/></method><method name="getBoxWidth" desc="()D" line="84"><counter type="INSTRUCTION" missed="3" covered="0"/><counter type="LINE" missed="1" covered="0"/><counter type="COMPLEXITY" missed="1" covered="0"/><counter type="METHOD" missed="1" covered="0"/></method><method name="setBoxWidth" desc="(D)V" line="88"><counter type="INSTRUCTION" missed="8" covered="0"/><counter type="LINE" missed="3" covered="0"/><counter type="COMPLEXITY" missed="1" covered="0"/><counter type="METHOD" missed="1" covered="0"/></method><method name="getBoxHeight" desc="()D" line="93"><counter type="INSTRUCTION" missed="3" covered="0"/><counter type="LINE" missed="1" covered="0"/><counter type="COMPLEXITY" missed="1" covered="0"/><counter type="METHOD" missed="1" covered="0"/></method><method name="setBoxHeight" desc="(D)V" line="97"><counter type="INSTRUCTION" missed="8" covered="0"/><counter type="LINE" missed="3" covered="0"/><counter type="COMPLEXITY" missed="1" covered="0"/><counter type="METHOD" missed="1" covered="0"/></method><method name="getFieldTextList" desc="()Ljava/util/ArrayList;" line="102"><counter type="INSTRUCTION" missed="3" covered="0"/><counter type="LINE" missed="1" covered="0"/><counter type="COMPLEXITY" missed="1" covered="0"/><counter type="METHOD" missed="1" covered="0"/></method><method name="setFieldTextList" desc="(Ljava/util/ArrayList;)V" line="106"><counter type="INSTRUCTION" missed="4" covered="0"/><counter type="LINE" missed="2" covered="0"/><counter type="COMPLEXITY" missed="1" covered="0"/><counter type="METHOD" missed="1" covered="0"/></method><method name="getMethTextList" desc="()Ljava/util/ArrayList;" line="110"><counter type="INSTRUCTION" missed="3" covered="0"/><counter type="LINE" missed="1" covered="0"/><counter type="COMPLEXITY" missed="1" covered="0"/><counter type="METHOD" missed="1" covered="0"/></method><method name="setMethTextList" desc="(Ljava/util/ArrayList;)V" line="114"><counter type="INSTRUCTION" missed="4" covered="0"/><counter type="LINE" missed="2" covered="0"/><counter type="COMPLEXITY" missed="1" covered="0"/><counter type="METHOD" missed="1" covered="0"/></method><method name="addText" desc="(Ljava/lang/Object;IIZ)V" line="129"><counter type="INSTRUCTION" missed="219" covered="0"/><counter type="BRANCH" missed="34" covered="0"/><counter type="LINE" missed="47" covered="0"/><counter type="COMPLEXITY" missed="18" covered="0"/><counter type="METHOD" missed="1" covered="0"/></method><method name="drawSeparator" desc="()V" line="231"><counter type="INSTRUCTION" missed="26" covered="0"/><counter type="LINE" missed="4" covered="0"/><counter type="COMPLEXITY" missed="1" covered="0"/><counter type="METHOD" missed="1" covered="0"/></method><method name="lambda$addText$0" desc="(Ljava/lang/String;Ljavafx/scene/text/Text;)Z" line="180"><counter type="INSTRUCTION" missed="6" covered="0"/><counter type="LINE" missed="1" covered="0"/><counter type="COMPLEXITY" missed="1" covered="0"/><counter type="METHOD" missed="1" covered="0"/></method><counter type="INSTRUCTION" missed="409" covered="0"/><counter type="BRANCH" missed="34" covered="0"/><counter type="LINE" missed="97" covered="0"/><counter type="COMPLEXITY" missed="41" covered="0"/><counter type="METHOD" missed="24" covered="0"/><counter type="CLASS" missed="1" covered="0"/></class><class name="uml/CLIController" sourcefilename="CLIController.java"><method name="&lt;init&gt;" desc="(Luml/UMLModel;Luml/Caretaker;Luml/CLIView;)V" line="21"><counter type="INSTRUCTION" missed="15" covered="0"/><counter type="LINE" missed="6" covered="0"/><counter type="COMPLEXITY" missed="1" covered="0"/><counter type="METHOD" missed="1" covered="0"/></method><method name="run" desc="()V" line="36"><counter type="INSTRUCTION" missed="50" covered="0"/><counter type="BRANCH" missed="4" covered="0"/><counter type="LINE" missed="14" covered="0"/><counter type="COMPLEXITY" missed="3" covered="0"/><counter type="METHOD" missed="1" covered="0"/></method><method name="interpretInput" desc="([Ljava/lang/String;)V" line="66"><counter type="INSTRUCTION" missed="1482" covered="0"/><counter type="BRANCH" missed="181" covered="0"/><counter type="LINE" missed="343" covered="0"/><counter type="COMPLEXITY" missed="102" covered="0"/><counter type="METHOD" missed="1" covered="0"/></method><method name="getClassName" desc="(Ljava/lang/String;Ljava/lang/String;)Ljava/lang/String;" line="769"><counter type="INSTRUCTION" missed="12" covered="0"/><counter type="LINE" missed="2" covered="0"/><counter type="COMPLEXITY" missed="1" covered="0"/><counter type="METHOD" missed="1" covered="0"/></method><method name="deleteClass" desc="(Ljava/lang/String;)Ljava/util/ArrayList;" line="783"><counter type="INSTRUCTION" missed="84" covered="0"/><counter type="BRANCH" missed="12" covered="0"/><counter type="LINE" missed="20" covered="0"/><counter type="COMPLEXITY" missed="7" covered="0"/><counter type="METHOD" missed="1" covered="0"/></method><method name="listClass" desc="(Ljava/lang/String;)V" line="825"><counter type="INSTRUCTION" missed="219" covered="0"/><counter type="BRANCH" missed="16" covered="0"/><counter type="LINE" missed="28" covered="0"/><counter type="COMPLEXITY" missed="9" covered="0"/><counter type="METHOD" missed="1" covered="0"/></method><method name="listClasses" desc="()V" line="876"><counter type="INSTRUCTION" missed="64" covered="0"/><counter type="BRANCH" missed="6" covered="0"/><counter type="LINE" missed="12" covered="0"/><counter type="COMPLEXITY" missed="4" covered="0"/><counter type="METHOD" missed="1" covered="0"/></method><method name="setState" desc="()V" line="901"><counter type="INSTRUCTION" missed="21" covered="0"/><counter type="LINE" missed="3" covered="0"/><counter type="COMPLEXITY" missed="1" covered="0"/><counter type="METHOD" missed="1" covered="0"/></method><method name="undo" desc="()Z" line="912"><counter type="INSTRUCTION" missed="39" covered="0"/><counter type="BRANCH" missed="2" covered="0"/><counter type="LINE" missed="7" covered="0"/><counter type="COMPLEXITY" missed="2" covered="0"/><counter type="METHOD" missed="1" covered="0"/></method><method name="redo" desc="()Z" line="933"><counter type="INSTRUCTION" missed="39" covered="0"/><counter type="BRANCH" missed="2" covered="0"/><counter type="LINE" missed="7" covered="0"/><counter type="COMPLEXITY" missed="2" covered="0"/><counter type="METHOD" missed="1" covered="0"/></method><method name="getAttName" desc="(Ljava/lang/String;)Ljava/lang/String;" line="958"><counter type="INSTRUCTION" missed="11" covered="0"/><counter type="LINE" missed="2" covered="0"/><counter type="COMPLEXITY" missed="1" covered="0"/><counter type="METHOD" missed="1" covered="0"/></method><method name="getAttType" desc="(Ljava/lang/String;)Ljava/lang/String;" line="969"><counter type="INSTRUCTION" missed="44" covered="0"/><counter type="BRANCH" missed="6" covered="0"/><counter type="LINE" missed="11" covered="0"/><counter type="COMPLEXITY" missed="4" covered="0"/><counter type="METHOD" missed="1" covered="0"/></method><method name="getAttReturnType" desc="(Ljava/lang/String;)Ljava/lang/String;" line="992"><counter type="INSTRUCTION" missed="27" covered="0"/><counter type="BRANCH" missed="4" covered="0"/><counter type="LINE" missed="7" covered="0"/><counter type="COMPLEXITY" missed="3" covered="0"/><counter type="METHOD" missed="1" covered="0"/></method><method name="ifDoesntExist" desc="(Ljava/lang/Object;Ljava/lang/String;Ljava/lang/String;)Z" line="1014"><counter type="INSTRUCTION" missed="22" covered="0"/><counter type="BRANCH" missed="2" covered="0"/><counter type="LINE" missed="4" covered="0"/><counter type="COMPLEXITY" missed="2" covered="0"/><counter type="METHOD" missed="1" covered="0"/></method><method name="ifExists" desc="(Ljava/lang/Object;Ljava/lang/String;Ljava/lang/String;)Z" line="1032"><counter type="INSTRUCTION" missed="22" covered="0"/><counter type="BRANCH" missed="2" covered="0"/><counter type="LINE" missed="4" covered="0"/><counter type="COMPLEXITY" missed="2" covered="0"/><counter type="METHOD" missed="1" covered="0"/></method><method name="addAttribute" desc="(Luml/UMLClass;Ljava/lang/String;Ljava/lang/String;)V" line="1051"><counter type="INSTRUCTION" missed="35" covered="0"/><counter type="BRANCH" missed="6" covered="0"/><counter type="LINE" missed="11" covered="0"/><counter type="COMPLEXITY" missed="4" covered="0"/><counter type="METHOD" missed="1" covered="0"/></method><method name="delAttribute" desc="(Luml/UMLClass;Ljava/lang/String;)V" line="1078"><counter type="INSTRUCTION" missed="59" covered="0"/><counter type="BRANCH" missed="4" covered="0"/><counter type="LINE" missed="13" covered="0"/><counter type="COMPLEXITY" missed="3" covered="0"/><counter type="METHOD" missed="1" covered="0"/></method><method name="findClass" desc="(Ljava/lang/String;Ljava/lang/String;)Luml/UMLClass;" line="1110"><counter type="INSTRUCTION" missed="20" covered="0"/><counter type="BRANCH" missed="2" covered="0"/><counter type="LINE" missed="4" covered="0"/><counter type="COMPLEXITY" missed="2" covered="0"/><counter type="METHOD" missed="1" covered="0"/></method><method name="findMethod" desc="(Luml/UMLClass;)Luml/Method;" line="1124"><counter type="INSTRUCTION" missed="18" covered="0"/><counter type="BRANCH" missed="2" covered="0"/><counter type="LINE" missed="4" covered="0"/><counter type="COMPLEXITY" missed="2" covered="0"/><counter type="METHOD" missed="1" covered="0"/></method><method name="findParam" desc="(Luml/Method;)Luml/Parameter;" line="1138"><counter type="INSTRUCTION" missed="18" covered="0"/><counter type="BRANCH" missed="2" covered="0"/><counter type="LINE" missed="4" covered="0"/><counter type="COMPLEXITY" missed="2" covered="0"/><counter type="METHOD" missed="1" covered="0"/></method><method name="findParamName" desc="(Luml/Method;)Ljava/lang/String;" line="1152"><counter type="INSTRUCTION" missed="18" covered="0"/><counter type="BRANCH" missed="2" covered="0"/><counter type="LINE" missed="4" covered="0"/><counter type="COMPLEXITY" missed="2" covered="0"/><counter type="METHOD" missed="1" covered="0"/></method><method name="addAttFlag" desc="(Ljava/util/ArrayList;Ljava/lang/String;)Z" line="1171"><counter type="INSTRUCTION" missed="33" covered="0"/><counter type="BRANCH" missed="2" covered="0"/><counter type="LINE" missed="7" covered="0"/><counter type="COMPLEXITY" missed="2" covered="0"/><counter type="METHOD" missed="1" covered="0"/></method><method name="addRelFlag" desc="(Ljava/util/ArrayList;Ljava/lang/String;)Z" line="1195"><counter type="INSTRUCTION" missed="32" covered="0"/><counter type="BRANCH" missed="2" covered="0"/><counter type="LINE" missed="7" covered="0"/><counter type="COMPLEXITY" missed="2" covered="0"/><counter type="METHOD" missed="1" covered="0"/></method><method name="flagToString" desc="(Ljava/lang/String;)Ljava/lang/String;" line="1217"><counter type="INSTRUCTION" missed="24" covered="0"/><counter type="BRANCH" missed="8" covered="0"/><counter type="LINE" missed="9" covered="0"/><counter type="COMPLEXITY" missed="8" covered="0"/><counter type="METHOD" missed="1" covered="0"/></method><method name="clearScreen" desc="()V" line="1237"><counter type="INSTRUCTION" missed="39" covered="0"/><counter type="BRANCH" missed="2" covered="0"/><counter type="LINE" missed="7" covered="0"/><counter type="COMPLEXITY" missed="2" covered="0"/><counter type="METHOD" missed="1" covered="0"/></method><method name="convertStringList2ArrayList" desc="([Ljava/lang/String;)Ljava/util/ArrayList;" line="1247"><counter type="INSTRUCTION" missed="20" covered="0"/><counter type="BRANCH" missed="2" covered="0"/><counter type="LINE" missed="4" covered="0"/><counter type="COMPLEXITY" missed="2" covered="0"/><counter type="METHOD" missed="1" covered="0"/></method><method name="lambda$interpretInput$1" desc="(Ljava/lang/String;Luml/Attribute;)Z" line="243"><counter type="INSTRUCTION" missed="5" covered="0"/><counter type="LINE" missed="1" covered="0"/><counter type="COMPLEXITY" missed="1" covered="0"/><counter type="METHOD" missed="1" covered="0"/></method><method name="lambda$interpretInput$0" desc="(Ljava/lang/String;Luml/UMLClass;)Z" line="143"><counter type="INSTRUCTION" missed="5" covered="0"/><counter type="LINE" missed="1" covered="0"/><counter type="COMPLEXITY" missed="1" covered="0"/><counter type="METHOD" missed="1" covered="0"/></method><counter type="INSTRUCTION" missed="2477" covered="0"/><counter type="BRANCH" missed="271" covered="0"/><counter type="LINE" missed="544" covered="0"/><counter type="COMPLEXITY" missed="177" covered="0"/><counter type="METHOD" missed="28" covered="0"/><counter type="CLASS" missed="1" covered="0"/></class><class name="uml/JSON" sourcefilename="JSON.java"><method name="&lt;init&gt;" desc="(Luml/UMLModel;)V" line="18"><counter type="INSTRUCTION" missed="23" covered="0"/><counter type="LINE" missed="7" covered="0"/><counter type="COMPLEXITY" missed="1" covered="0"/><counter type="METHOD" missed="1" covered="0"/></method><method name="&lt;init&gt;" desc="(Luml/UMLModel;Luml/GUIView;)V" line="18"><counter type="INSTRUCTION" missed="26" covered="0"/><counter type="LINE" missed="8" covered="0"/><counter type="COMPLEXITY" missed="1" covered="0"/><counter type="METHOD" missed="1" covered="0"/></method><method name="saveCLI" desc="(Ljava/lang/String;)V" line="52"><counter type="INSTRUCTION" missed="40" covered="0"/><counter type="BRANCH" missed="2" covered="0"/><counter type="LINE" missed="12" covered="0"/><counter type="COMPLEXITY" missed="2" covered="0"/><counter type="METHOD" missed="1" covered="0"/></method><method name="saveGUI" desc="(Ljava/io/File;)V" line="79"><counter type="INSTRUCTION" missed="22" covered="0"/><counter type="LINE" missed="8" covered="0"/><counter type="COMPLEXITY" missed="1" covered="0"/><counter type="METHOD" missed="1" covered="0"/></method><method name="executeSave" desc="(Z)Lorg/json/simple/JSONObject;" line="98"><counter type="INSTRUCTION" missed="289" covered="0"/><counter type="BRANCH" missed="12" covered="0"/><counter type="LINE" missed="54" covered="0"/><counter type="COMPLEXITY" missed="7" covered="0"/><counter type="METHOD" missed="1" covered="0"/></method><method name="loadCLI" desc="(Ljava/lang/String;)Luml/UMLModel;" line="193"><counter type="INSTRUCTION" missed="26" covered="0"/><counter type="BRANCH" missed="4" covered="0"/><counter type="LINE" missed="6" covered="0"/><counter type="COMPLEXITY" missed="3" covered="0"/><counter type="METHOD" missed="1" covered="0"/></method><method name="loadGUI" desc="(Ljava/io/File;)Luml/UMLModel;" line="215"><counter type="INSTRUCTION" missed="5" covered="0"/><counter type="LINE" missed="1" covered="0"/><counter type="COMPLEXITY" missed="1" covered="0"/><counter type="METHOD" missed="1" covered="0"/></method><method name="executeLoad" desc="(Ljava/io/File;Z)Luml/UMLModel;" line="228"><counter type="INSTRUCTION" missed="249" covered="0"/><counter type="BRANCH" missed="12" covered="0"/><counter type="LINE" missed="57" covered="0"/><counter type="COMPLEXITY" missed="7" covered="0"/><counter type="METHOD" missed="1" covered="0"/></method><method name="doesFileExist" desc="(Ljava/lang/String;)Z" line="336"><counter type="INSTRUCTION" missed="40" covered="0"/><counter type="BRANCH" missed="6" covered="0"/><counter type="LINE" missed="7" covered="0"/><counter type="COMPLEXITY" missed="4" covered="0"/><counter type="METHOD" missed="1" covered="0"/></method><method name="ifDirIsEmpty" desc="()Z" line="355"><counter type="INSTRUCTION" missed="19" covered="0"/><counter type="BRANCH" missed="2" covered="0"/><counter type="LINE" missed="3" covered="0"/><counter type="COMPLEXITY" missed="2" covered="0"/><counter type="METHOD" missed="1" covered="0"/></method><counter type="INSTRUCTION" missed="739" covered="0"/><counter type="BRANCH" missed="38" covered="0"/><counter type="LINE" missed="161" covered="0"/><counter type="COMPLEXITY" missed="29" covered="0"/><counter type="METHOD" missed="10" covered="0"/><counter type="CLASS" missed="1" covered="0"/></class><class name="uml/Relationship" sourcefilename="Relationship.java"><method name="&lt;init&gt;" desc="(Luml/UMLClass;Luml/UMLClass;Ljava/lang/String;)V" line="25"><counter type="INSTRUCTION" missed="0" covered="12"/><counter type="LINE" missed="0" covered="5"/><counter type="COMPLEXITY" missed="0" covered="1"/><counter type="METHOD" missed="0" covered="1"/></method><method name="getSource" desc="()Luml/UMLClass;" line="37"><counter type="INSTRUCTION" missed="0" covered="3"/><counter type="LINE" missed="0" covered="1"/><counter type="COMPLEXITY" missed="0" covered="1"/><counter type="METHOD" missed="0" covered="1"/></method><method name="getDestination" desc="()Luml/UMLClass;" line="46"><counter type="INSTRUCTION" missed="0" covered="3"/><counter type="LINE" missed="0" covered="1"/><counter type="COMPLEXITY" missed="0" covered="1"/><counter type="METHOD" missed="0" covered="1"/></method><method name="getRelType" desc="()Ljava/lang/String;" line="54"><counter type="INSTRUCTION" missed="0" covered="3"/><counter type="LINE" missed="0" covered="1"/><counter type="COMPLEXITY" missed="0" covered="1"/><counter type="METHOD" missed="0" covered="1"/></method><method name="setRelType" desc="(Ljava/lang/String;)V" line="61"><counter type="INSTRUCTION" missed="0" covered="4"/><counter type="LINE" missed="0" covered="1"/><counter type="COMPLEXITY" missed="0" covered="1"/><counter type="METHOD" missed="0" covered="1"/></method><counter type="INSTRUCTION" missed="0" covered="25"/><counter type="LINE" missed="0" covered="9"/><counter type="COMPLEXITY" missed="0" covered="5"/><counter type="METHOD" missed="0" covered="5"/><counter type="CLASS" missed="0" covered="1"/></class><class name="uml/Attribute" sourcefilename="Attribute.java"><method name="&lt;init&gt;" desc="(Ljava/lang/String;)V" line="18"><counter type="INSTRUCTION" missed="0" covered="6"/><counter type="LINE" missed="0" covered="3"/><counter type="COMPLEXITY" missed="0" covered="1"/><counter type="METHOD" missed="0" covered="1"/></method><method name="getAttName" desc="()Ljava/lang/String;" line="28"><counter type="INSTRUCTION" missed="0" covered="3"/><counter type="LINE" missed="0" covered="1"/><counter type="COMPLEXITY" missed="0" covered="1"/><counter type="METHOD" missed="0" covered="1"/></method><method name="setAttName" desc="(Ljava/lang/String;)V" line="37"><counter type="INSTRUCTION" missed="0" covered="4"/><counter type="LINE" missed="0" covered="2"/><counter type="COMPLEXITY" missed="0" covered="1"/><counter type="METHOD" missed="0" covered="1"/></method><counter type="INSTRUCTION" missed="0" covered="13"/><counter type="LINE" missed="0" covered="6"/><counter type="COMPLEXITY" missed="0" covered="3"/><counter type="METHOD" missed="0" covered="3"/><counter type="CLASS" missed="0" covered="1"/></class><class name="uml/Memento" sourcefilename="Memento.java"><method name="&lt;init&gt;" desc="(Luml/UMLModel;)V" line="16"><counter type="INSTRUCTION" missed="9" covered="0"/><counter type="LINE" missed="3" covered="0"/><counter type="COMPLEXITY" missed="1" covered="0"/><counter type="METHOD" missed="1" covered="0"/></method><method name="getState" desc="()Luml/UMLModel;" line="26"><counter type="INSTRUCTION" missed="3" covered="0"/><counter type="LINE" missed="1" covered="0"/><counter type="COMPLEXITY" missed="1" covered="0"/><counter type="METHOD" missed="1" covered="0"/></method><counter type="INSTRUCTION" missed="12" covered="0"/><counter type="LINE" missed="4" covered="0"/><counter type="COMPLEXITY" missed="2" covered="0"/><counter type="METHOD" missed="2" covered="0"/><counter type="CLASS" missed="1" covered="0"/></class><class name="uml/Caretaker" sourcefilename="Caretaker.java"><method name="&lt;init&gt;" desc="()V" line="18"><counter type="INSTRUCTION" missed="13" covered="0"/><counter type="LINE" missed="4" covered="0"/><counter type="COMPLEXITY" missed="1" covered="0"/><counter type="METHOD" missed="1" covered="0"/></method><method name="pushToUndoStack" desc="(Luml/Memento;)V" line="29"><counter type="INSTRUCTION" missed="9" covered="0"/><counter type="LINE" missed="3" covered="0"/><counter type="COMPLEXITY" missed="1" covered="0"/><counter type="METHOD" missed="1" covered="0"/></method><method name="undoStackIsEmpty" desc="()Z" line="39"><counter type="INSTRUCTION" missed="4" covered="0"/><counter type="LINE" missed="1" covered="0"/><counter type="COMPLEXITY" missed="1" covered="0"/><counter type="METHOD" missed="1" covered="0"/></method><method name="redoStackIsEmpty" desc="()Z" line="48"><counter type="INSTRUCTION" missed="4" covered="0"/><counter type="LINE" missed="1" covered="0"/><counter type="COMPLEXITY" missed="1" covered="0"/><counter type="METHOD" missed="1" covered="0"/></method><method name="undoHelper" desc="(Luml/Memento;)Luml/Memento;" line="58"><counter type="INSTRUCTION" missed="10" covered="0"/><counter type="LINE" missed="2" covered="0"/><counter type="COMPLEXITY" missed="1" covered="0"/><counter type="METHOD" missed="1" covered="0"/></method><method name="redoHelper" desc="(Luml/Memento;)Luml/Memento;" line="69"><counter type="INSTRUCTION" missed="10" covered="0"/><counter type="LINE" missed="2" covered="0"/><counter type="COMPLEXITY" missed="1" covered="0"/><counter type="METHOD" missed="1" covered="0"/></method><counter type="INSTRUCTION" missed="50" covered="0"/><counter type="LINE" missed="13" covered="0"/><counter type="COMPLEXITY" missed="6" covered="0"/><counter type="METHOD" missed="6" covered="0"/><counter type="CLASS" missed="1" covered="0"/></class><class name="uml/Field" sourcefilename="Field.java"><method name="&lt;init&gt;" desc="(
[...]
"1263" mi="7" ci="0" mb="0" cb="0"/><line nr="1265" mi="1" ci="0" mb="0" cb="0"/><line nr="1275" mi="2" ci="0" mb="0" cb="0"/><line nr="1276" mi="2" ci="0" mb="0" cb="0"/><line nr="1278" mi="11" ci="0" mb="2" cb="0"/><line nr="1279" mi="5" ci="0" mb="2" cb="0"/><line nr="1280" mi="2" ci="0" mb="0" cb="0"/><line nr="1282" mi="5" ci="0" mb="2" cb="0"/><line nr="1283" mi="2" ci="0" mb="0" cb="0"/><line nr="1285" mi="1" ci="0" mb="0" cb="0"/><line nr="1286" mi="8" ci="0" mb="4" cb="0"/><line nr="1287" mi="8" ci="0" mb="4" cb="0"/><line nr="1289" mi="7" ci="0" mb="0" cb="0"/><line nr="1291" mi="11" ci="0" mb="5" cb="0"/><line nr="1293" mi="4" ci="0" mb="0" cb="0"/><line nr="1294" mi="7" ci="0" mb="0" cb="0"/><line nr="1295" mi="1" ci="0" mb="0" cb="0"/><line nr="1297" mi="8" ci="0" mb="0" cb="0"/><line nr="1300" mi="8" ci="0" mb="0" cb="0"/><line nr="1304" mi="4" ci="0" mb="0" cb="0"/><line nr="1305" mi="7" ci="0" mb="0" cb="0"/><line nr="1309" mi="5" ci="0" mb="0" cb="0"/><line nr="1310" mi="7" ci="0" mb="0" cb="0"/><line nr="1311" mi="1" ci="0" mb="0" cb="0"/><line nr="1326" mi="4" ci="0" mb="0" cb="0"/><line nr="1327" mi="3" ci="0" mb="0" cb="0"/><line nr="1328" mi="3" ci="0" mb="0" cb="0"/><line nr="1329" mi="4" ci="0" mb="0" cb="0"/><line nr="1330" mi="3" ci="0" mb="0" cb="0"/><line nr="1331" mi="3" ci="0" mb="0" cb="0"/><line nr="1333" mi="4" ci="0" mb="0" cb="0"/><line nr="1334" mi="3" ci="0" mb="0" cb="0"/><line nr="1335" mi="3" ci="0" mb="0" cb="0"/><line nr="1337" mi="4" ci="0" mb="0" cb="0"/><line nr="1338" mi="3" ci="0" mb="0" cb="0"/><line nr="1340" mi="7" ci="0" mb="0" cb="0"/><line nr="1341" mi="4" ci="0" mb="0" cb="0"/><line nr="1342" mi="4" ci="0" mb="0" cb="0"/><line nr="1343" mi="4" ci="0" mb="0" cb="0"/><line nr="1344" mi="4" ci="0" mb="0" cb="0"/><line nr="1346" mi="3" ci="0" mb="0" cb="0"/><line nr="1347" mi="3" ci="0" mb="0" cb="0"/><line nr="1348" mi="3" ci="0" mb="0" cb="0"/><line nr="1349" mi="3" ci="0" mb="0" cb="0"/><line nr="1351" mi="10" ci="0" mb="0" cb="0"/><line nr="1352" mi="10" ci="0" mb="0" cb="0"/><line nr="1354" mi="6" ci="0" mb="0" cb="0"/><line nr="1355" mi="6" ci="0" mb="0" cb="0"/><line nr="1357" mi="6" ci="0" mb="0" cb="0"/><line nr="1358" mi="6" ci="0" mb="0" cb="0"/><line nr="1360" mi="10" ci="0" mb="0" cb="0"/><line nr="1361" mi="6" ci="0" mb="0" cb="0"/><line nr="1362" mi="6" ci="0" mb="0" cb="0"/><line nr="1364" mi="7" ci="0" mb="0" cb="0"/><line nr="1365" mi="7" ci="0" mb="0" cb="0"/><line nr="1366" mi="7" ci="0" mb="0" cb="0"/><line nr="1367" mi="7" ci="0" mb="0" cb="0"/><line nr="1368" mi="4" ci="0" mb="0" cb="0"/><line nr="1369" mi="4" ci="0" mb="0" cb="0"/><line nr="1370" mi="8" ci="0" mb="0" cb="0"/><line nr="1371" mi="8" ci="0" mb="0" cb="0"/><line nr="1372" mi="6" ci="0" mb="0" cb="0"/><line nr="1373" mi="6" ci="0" mb="0" cb="0"/><line nr="1374" mi="6" ci="0" mb="0" cb="0"/><line nr="1375" mi="6" ci="0" mb="0" cb="0"/><line nr="1376" mi="1" ci="0" mb="0" cb="0"/><line nr="1378" mi="8" ci="0" mb="0" cb="0"/><line nr="1379" mi="4" ci="0" mb="0" cb="0"/><line nr="1380" mi="8" ci="0" mb="0" cb="0"/><line nr="1381" mi="4" ci="0" mb="0" cb="0"/><line nr="1382" mi="6" ci="0" mb="0" cb="0"/><line nr="1383" mi="6" ci="0" mb="0" cb="0"/><line nr="1385" mi="4" ci="0" mb="0" cb="0"/><line nr="1386" mi="3" ci="0" mb="0" cb="0"/><line nr="1387" mi="3" ci="0" mb="0" cb="0"/><line nr="1388" mi="3" ci="0" mb="0" cb="0"/><line nr="1389" mi="11" ci="0" mb="0" cb="0"/><line nr="1390" mi="3" ci="0" mb="0" cb="0"/><line nr="1391" mi="4" ci="0" mb="0" cb="0"/><line nr="1392" mi="4" ci="0" mb="0" cb="0"/><line nr="1393" mi="4" ci="0" mb="0" cb="0"/><line nr="1394" mi="4" ci="0" mb="0" cb="0"/><line nr="1396" mi="5" ci="0" mb="0" cb="0"/><line nr="1397" mi="5" ci="0" mb="0" cb="0"/><line nr="1398" mi="5" ci="0" mb="0" cb="0"/><line nr="1399" mi="5" ci="0" mb="0" cb="0"/><line nr="1401" mi="4" ci="0" mb="0" cb="0"/><line nr="1402" mi="4" ci="0" mb="0" cb="0"/><line nr="1403" mi="4" ci="0" mb="0" cb="0"/><line nr="1404" mi="4" ci="0" mb="0" cb="0"/><line nr="1405" mi="3" ci="0" mb="0" cb="0"/><line nr="1408" mi="6" ci="0" mb="0" cb="0"/><line nr="1409" mi="6" ci="0" mb="0" cb="0"/><line nr="1410" mi="6" ci="0" mb="0" cb="0"/><line nr="1411" mi="6" ci="0" mb="0" cb="0"/><line nr="1412" mi="6" ci="0" mb="0" cb="0"/><line nr="1414" mi="4" ci="0" mb="0" cb="0"/><line nr="1415" mi="4" ci="0" mb="0" cb="0"/><line nr="1416" mi="4" ci="0" mb="0" cb="0"/><line nr="1417" mi="4" ci="0" mb="0" cb="0"/><line nr="1418" mi="4" ci="0" mb="0" cb="0"/><line nr="1419" mi="4" ci="0" mb="0" cb="0"/><line nr="1420" mi="2" ci="0" mb="0" cb="0"/><line nr="1432" mi="4" ci="0" mb="0" cb="0"/><line nr="1433" mi="3" ci="0" mb="0" cb="0"/><line nr="1434" mi="3" ci="0" mb="0" cb="0"/><line nr="1435" mi="4" ci="0" mb="0" cb="0"/><line nr="1436" mi="3" ci="0" mb="0" cb="0"/><line nr="1437" mi="3" ci="0" mb="0" cb="0"/><line nr="1439" mi="4" ci="0" mb="0" cb="0"/><line nr="1440" mi="3" ci="0" mb="0" cb="0"/><line nr="1441" mi="3" ci="0" mb="0" cb="0"/><line nr="1443" mi="4" ci="0" mb="0" cb="0"/><line nr="1444" mi="3" ci="0" mb="0" cb="0"/><line nr="1445" mi="3" ci="0" mb="0" cb="0"/><line nr="1447" mi="7" ci="0" mb="0" cb="0"/><line nr="1448" mi="4" ci="0" mb="0" cb="0"/><line nr="1449" mi="4" ci="0" mb="0" cb="0"/><line nr="1450" mi="4" ci="0" mb="0" cb="0"/><line nr="1451" mi="4" ci="0" mb="0" cb="0"/><line nr="1453" mi="3" ci="0" mb="0" cb="0"/><line nr="1454" mi="3" ci="0" mb="0" cb="0"/><line nr="1455" mi="3" ci="0" mb="0" cb="0"/><line nr="1456" mi="3" ci="0" mb="0" cb="0"/><line nr="1458" mi="10" ci="0" mb="0" cb="0"/><line nr="1459" mi="10" ci="0" mb="0" cb="0"/><line nr="1461" mi="6" ci="0" mb="0" cb="0"/><line nr="1462" mi="6" ci="0" mb="0" cb="0"/><line nr="1464" mi="6" ci="0" mb="0" cb="0"/><line nr="1465" mi="6" ci="0" mb="0" cb="0"/><line nr="1467" mi="7" ci="0" mb="0" cb="0"/><line nr="1468" mi="7" ci="0" mb="0" cb="0"/><line nr="1469" mi="7" ci="0" mb="0" cb="0"/><line nr="1470" mi="7" ci="0" mb="0" cb="0"/><line nr="1471" mi="6" ci="0" mb="0" cb="0"/><line nr="1472" mi="6" ci="0" mb="0" cb="0"/><line nr="1473" mi="6" ci="0" mb="0" cb="0"/><line nr="1474" mi="6" ci="0" mb="0" cb="0"/><line nr="1475" mi="9" ci="0" mb="0" cb="0"/><line nr="1476" mi="9" ci="0" mb="0" cb="0"/><line nr="1477" mi="4" ci="0" mb="0" cb="0"/><line nr="1478" mi="4" ci="0" mb="0" cb="0"/><line nr="1479" mi="1" ci="0" mb="0" cb="0"/><line nr="1481" mi="5" ci="0" mb="0" cb="0"/><line nr="1482" mi="5" ci="0" mb="0" cb="0"/><line nr="1483" mi="5" ci="0" mb="0" cb="0"/><line nr="1484" mi="5" ci="0" mb="0" cb="0"/><line nr="1485" mi="3" ci="0" mb="0" cb="0"/><line nr="1488" mi="6" ci="0" mb="0" cb="0"/><line nr="1489" mi="6" ci="0" mb="0" cb="0"/><line nr="1490" mi="6" ci="0" mb="0" cb="0"/><line nr="1491" mi="6" ci="0" mb="0" cb="0"/><line nr="1493" mi="4" ci="0" mb="0" cb="0"/><line nr="1494" mi="4" ci="0" mb="0" cb="0"/><line nr="1495" mi="4" ci="0" mb="0" cb="0"/><line nr="1496" mi="4" ci="0" mb="0" cb="0"/><line nr="1497" mi="4" ci="0" mb="0" cb="0"/><line nr="1498" mi="2" ci="0" mb="0" cb="0"/><line nr="1510" mi="4" ci="0" mb="0" cb="0"/><line nr="1511" mi="3" ci="0" mb="0" cb="0"/><line nr="1512" mi="3" ci="0" mb="0" cb="0"/><line nr="1513" mi="4" ci="0" mb="0" cb="0"/><line nr="1514" mi="3" ci="0" mb="0" cb="0"/><line nr="1515" mi="3" ci="0" mb="0" cb="0"/><line nr="1517" mi="4" ci="0" mb="0" cb="0"/><line nr="1518" mi="3" ci="0" mb="0" cb="0"/><line nr="1519" mi="3" ci="0" mb="0" cb="0"/><line nr="1521" mi="4" ci="0" mb="0" cb="0"/><line nr="1522" mi="3" ci="0" mb="0" cb="0"/><line nr="1523" mi="3" ci="0" mb="0" cb="0"/><line nr="1524" mi="4" ci="0" mb="0" cb="0"/><line nr="1525" mi="3" ci="0" mb="0" cb="0"/><line nr="1526" mi="3" ci="0" mb="0" cb="0"/><line nr="1528" mi="8" ci="0" mb="0" cb="0"/><line nr="1529" mi="4" ci="0" mb="0" cb="0"/><line nr="1530" mi="4" ci="0" mb="0" cb="0"/><line nr="1531" mi="4" ci="0" mb="0" cb="0"/><line nr="1532" mi="4" ci="0" mb="0" cb="0"/><line nr="1534" mi="3" ci="0" mb="0" cb="0"/><line nr="1535" mi="3" ci="0" mb="0" cb="0"/><line nr="1536" mi="3" ci="0" mb="0" cb="0"/><line nr="1537" mi="3" ci="0" mb="0" cb="0"/><line nr="1539" mi="10" ci="0" mb="0" cb="0"/><line nr="1540" mi="10" ci="0" mb="0" cb="0"/><line nr="1542" mi="6" ci="0" mb="0" cb="0"/><line nr="1543" mi="6" ci="0" mb="0" cb="0"/><line nr="1545" mi="6" ci="0" mb="0" cb="0"/><line nr="1546" mi="6" ci="0" mb="0" cb="0"/><line nr="1548" mi="7" ci="0" mb="0" cb="0"/><line nr="1549" mi="7" ci="0" mb="0" cb="0"/><line nr="1550" mi="7" ci="0" mb="0" cb="0"/><line nr="1551" mi="7" ci="0" mb="0" cb="0"/><line nr="1552" mi="4" ci="0" mb="0" cb="0"/><line nr="1553" mi="4" ci="0" mb="0" cb="0"/><line nr="1554" mi="8" ci="0" mb="0" cb="0"/><line nr="1555" mi="8" ci="0" mb="0" cb="0"/><line nr="1556" mi="4" ci="0" mb="0" cb="0"/><line nr="1557" mi="4" ci="0" mb="0" cb="0"/><line nr="1558" mi="8" ci="0" mb="0" cb="0"/><line nr="1559" mi="8" ci="0" mb="0" cb="0"/><line nr="1560" mi="4" ci="0" mb="0" cb="0"/><line nr="1561" mi="4" ci="0" mb="0" cb="0"/><line nr="1562" mi="4" ci="0" mb="0" cb="0"/><line nr="1563" mi="4" ci="0" mb="0" cb="0"/><line nr="1565" mi="1" ci="0" mb="0" cb="0"/><line nr="1567" mi="5" ci="0" mb="0" cb="0"/><line nr="1568" mi="5" ci="0" mb="0" cb="0"/><line nr="1569" mi="5" ci="0" mb="0" cb="0"/><line nr="1570" mi="5" ci="0" mb="0" cb="0"/><line nr="1571" mi="3" ci="0" mb="0" cb="0"/><line nr="1574" mi="6" ci="0" mb="0" cb="0"/><line nr="1575" mi="6" ci="0" mb="0" cb="0"/><line nr="1576" mi="6" ci="0" mb="0" cb="0"/><line nr="1577" mi="6" ci="0" mb="0" cb="0"/><line nr="1578" mi="6" ci="0" mb="0" cb="0"/><line nr="1580" mi="4" ci="0" mb="0" cb="0"/><line nr="1581" mi="4" ci="0" mb="0" cb="0"/><line nr="1582" mi="4" ci="0" mb="0" cb="0"/><line nr="1583" mi="4" ci="0" mb="0" cb="0"/><line nr="1584" mi="4" ci="0" mb="0" cb="0"/><line nr="1585" mi="4" ci="0" mb="0" cb="0"/><line nr="1586" mi="2" ci="0" mb="0" cb="0"/><line nr="1598" mi="4" ci="0" mb="0" cb="0"/><line nr="1599" mi="3" ci="0" mb="0" cb="0"/><line nr="1600" mi="3" ci="0" mb="0" cb="0"/><line nr="1601" mi="4" ci="0" mb="0" cb="0"/><line nr="1602" mi="3" ci="0" mb="0" cb="0"/><line nr="1603" mi="3" ci="0" mb="0" cb="0"/><line nr="1605" mi="4" ci="0" mb="0" cb="0"/><line nr="1606" mi="3" ci="0" mb="0" cb="0"/><line nr="1607" mi="3" ci="0" mb="0" cb="0"/><line nr="1608" mi="4" ci="0" mb="0" cb="0"/><line nr="1609" mi="3" ci="0" mb="0" cb="0"/><line nr="1610" mi="3" ci="0" mb="0" cb="0"/><line nr="1612" mi="7" ci="0" mb="0" cb="0"/><line nr="1613" mi="4" ci="0" mb="0" cb="0"/><line nr="1614" mi="4" ci="0" mb="0" cb="0"/><line nr="1615" mi="4" ci="0" mb="0" cb="0"/><line nr="1616" mi="4" ci="0" mb="0" cb="0"/><line nr="1618" mi="3" ci="0" mb="0" cb="0"/><line nr="1619" mi="3" ci="0" mb="0" cb="0"/><line nr="1620" mi="3" ci="0" mb="0" cb="0"/><line nr="1621" mi="3" ci="0" mb="0" cb="0"/><line nr="1623" mi="10" ci="0" mb="0" cb="0"/><line nr="1624" mi="10" ci="0" mb="0" cb="0"/><line nr="1626" mi="6" ci="0" mb="0" cb="0"/><line nr="1627" mi="6" ci="0" mb="0" cb="0"/><line nr="1629" mi="6" ci="0" mb="0" cb="0"/><line nr="1630" mi="6" ci="0" mb="0" cb="0"/><line nr="1632" mi="7" ci="0" mb="0" cb="0"/><line nr="1633" mi="7" ci="0" mb="0" cb="0"/><line nr="1634" mi="7" ci="0" mb="0" cb="0"/><line nr="1635" mi="7" ci="0" mb="0" cb="0"/><line nr="1636" mi="4" ci="0" mb="0" cb="0"/><line nr="1637" mi="4" ci="0" mb="0" cb="0"/><line nr="1638" mi="8" ci="0" mb="0" cb="0"/><line nr="1639" mi="8" ci="0" mb="0" cb="0"/><line nr="1640" mi="4" ci="0" mb="0" cb="0"/><line nr="1641" mi="4" ci="0" mb="0" cb="0"/><line nr="1642" mi="8" ci="0" mb="0" cb="0"/><line nr="1643" mi="8" ci="0" mb="0" cb="0"/><line nr="1644" mi="1" ci="0" mb="0" cb="0"/><line nr="1646" mi="8" ci="0" mb="0" cb="0"/><line nr="1647" mi="4" ci="0" mb="0" cb="0"/><line nr="1648" mi="8" ci="0" mb="0" cb="0"/><line nr="1649" mi="4" ci="0" mb="0" cb="0"/><line nr="1650" mi="6" ci="0" mb="0" cb="0"/><line nr="1651" mi="6" ci="0" mb="0" cb="0"/><line nr="1653" mi="4" ci="0" mb="0" cb="0"/><line nr="1654" mi="3" ci="0" mb="0" cb="0"/><line nr="1655" mi="3" ci="0" mb="0" cb="0"/><line nr="1656" mi="4" ci="0" mb="0" cb="0"/><line nr="1657" mi="4" ci="0" mb="0" cb="0"/><line nr="1658" mi="4" ci="0" mb="0" cb="0"/><line nr="1659" mi="4" ci="0" mb="0" cb="0"/><line nr="1661" mi="5" ci="0" mb="0" cb="0"/><line nr="1662" mi="5" ci="0" mb="0" cb="0"/><line nr="1663" mi="5" ci="0" mb="0" cb="0"/><line nr="1664" mi="5" ci="0" mb="0" cb="0"/><line nr="1666" mi="4" ci="0" mb="0" cb="0"/><line nr="1667" mi="4" ci="0" mb="0" cb="0"/><line nr="1668" mi="4" ci="0" mb="0" cb="0"/><line nr="1669" mi="4" ci="0" mb="0" cb="0"/><line nr="1670" mi="3" ci="0" mb="0" cb="0"/><line nr="1673" mi="6" ci="0" mb="0" cb="0"/><line nr="1674" mi="6" ci="0" mb="0" cb="0"/><line nr="1675" mi="6" ci="0" mb="0" cb="0"/><line nr="1676" mi="6" ci="0" mb="0" cb="0"/><line nr="1677" mi="6" ci="0" mb="0" cb="0"/><line nr="1679" mi="4" ci="0" mb="0" cb="0"/><line nr="1680" mi="4" ci="0" mb="0" cb="0"/><line nr="1681" mi="4" ci="0" mb="0" cb="0"/><line nr="1682" mi="4" ci="0" mb="0" cb="0"/><line nr="1683" mi="4" ci="0" mb="0" cb="0"/><line nr="1684" mi="4" ci="0" mb="0" cb="0"/><line nr="1685" mi="2" ci="0" mb="0" cb="0"/><line nr="1698" mi="11" ci="0" mb="2" cb="0"/><line nr="1699" mi="5" ci="0" mb="2" cb="0"/><line nr="1700" mi="5" ci="0" mb="2" cb="0"/><line nr="1701" mi="2" ci="0" mb="0" cb="0"/><line nr="1704" mi="1" ci="0" mb="0" cb="0"/><line nr="1705" mi="2" ci="0" mb="0" cb="0"/><line nr="1716" mi="11" ci="0" mb="2" cb="0"/><line nr="1717" mi="10" ci="0" mb="2" cb="0"/><line nr="1718" mi="7" ci="0" mb="2" cb="0"/><line nr="1719" mi="2" ci="0" mb="0" cb="0"/><line nr="1721" mi="1" ci="0" mb="0" cb="0"/><line nr="1722" mi="1" ci="0" mb="0" cb="0"/><line nr="1723" mi="2" ci="0" mb="0" cb="0"/><line nr="1734" mi="2" ci="0" mb="0" cb="0"/><line nr="1735" mi="11" ci="0" mb="2" cb="0"/><line nr="1736" mi="5" ci="0" mb="2" cb="0"/><line nr="1737" mi="2" ci="0" mb="0" cb="0"/><line nr="1739" mi="1" ci="0" mb="0" cb="0"/><line nr="1740" mi="2" ci="0" mb="0" cb="0"/><line nr="1750" mi="11" ci="0" mb="2" cb="0"/><line nr="1751" mi="5" ci="0" mb="2" cb="0"/><line nr="1752" mi="7" ci="0" mb="0" cb="0"/><line nr="1754" mi="1" ci="0" mb="0" cb="0"/><line nr="1755" mi="7" ci="0" mb="0" cb="0"/><line nr="1756" mi="1" ci="0" mb="0" cb="0"/><line nr="1767" mi="11" ci="0" mb="2" cb="0"/><line nr="1768" mi="9" ci="0" mb="2" cb="0"/><line nr="1769" mi="10" ci="0" mb="2" cb="0"/><line nr="1770" mi="6" ci="0" mb="0" cb="0"/><line nr="1771" mi="1" ci="0" mb="0" cb="0"/><line nr="1772" mi="6" ci="0" mb="0" cb="0"/><line nr="1773" mi="5" ci="0" mb="0" cb="0"/><line nr="1774" mi="1" ci="0" mb="0" cb="0"/><line nr="1776" mi="1" ci="0" mb="0" cb="0"/><line nr="1777" mi="10" ci="0" mb="0" cb="0"/><line nr="1778" mi="9" ci="0" mb="0" cb="0"/><line nr="1779" mi="8" ci="0" mb="0" cb="0"/><line nr="1780" mi="1" ci="0" mb="0" cb="0"/><line nr="1790" mi="8" ci="0" mb="5" cb="0"/><line nr="1792" mi="2" ci="0" mb="0" cb="0"/><line nr="1795" mi="2" ci="0" mb="0" cb="0"/><line nr="1798" mi="2" ci="0" mb="0" cb="0"/><line nr="1801" mi="2" ci="0" mb="0" cb="0"/><line nr="1804" mi="2" ci="0" mb="0" cb="0"/><line nr="1809" mi="8" ci="0" mb="0" cb="0"/><line nr="1811" mi="5" ci="0" mb="0" cb="0"/><line nr="1813" mi="6" ci="0" mb="0" cb="0"/><line nr="1815" mi="5" ci="0" mb="0" cb="0"/><line nr="1817" mi="6" ci="0" mb="0" cb="0"/><line nr="1819" mi="5" ci="0" mb="0" cb="0"/><line nr="1821" mi="6" ci="0" mb="0" cb="0"/><line nr="1823" mi="5" ci="0" mb="0" cb="0"/><line nr="1826" mi="5" ci="0" mb="2" cb="0"/><line nr="1828" mi="7" ci="0" mb="0" cb="0"/><line nr="1830" mi="7" ci="0" mb="0" cb="0"/><line nr="1832" mi="7" ci="0" mb="0" cb="0"/><line nr="1834" mi="7" ci="0" mb="0" cb="0"/><line nr="1836" mi="7" ci="0" mb="0" cb="0"/><line nr="1838" mi="2" ci="0" mb="0" cb="0"/><line nr="1839" mi="2" ci="0" mb="0" cb="0"/><line nr="1840" mi="2" ci="0" mb="0" cb="0"/><line nr="1842" mi="12" ci="0" mb="2" cb="0"/><line nr="1843" mi="4" ci="0" mb="2" cb="0"/><line nr="1844" mi="2" ci="0" mb="0" cb="0"/><line nr="1846" mi="4" ci="0" mb="2" cb="0"/><line nr="1847" mi="2" ci="0" mb="0" cb="0"/><line nr="1848" mi="11" ci="0" mb="2" cb="0"/><line nr="1849" mi="4" ci="0" mb="2" cb="0"/><line nr="1850" mi="2" ci="0" mb="0" cb="0"/><line nr="1852" mi="1" ci="0" mb="0" cb="0"/><line nr="1854" mi="1" ci="0" mb="0" cb="0"/><line nr="1857" mi="2" ci="0" mb="2" cb="0"/><line nr="1858" mi="7" ci="0" mb="0" cb="0"/><line nr="1859" mi="8" ci="0" mb="0" cb="0"/><line nr="1861" mi="7" ci="0" mb="0" cb="0"/><line nr="1862" mi="7" ci="0" mb="0" cb="0"/><line nr="1866" mi="2" ci="0" mb="2" cb="0"/><line nr="1867" mi="7" ci="0" mb="0" cb="0"/><line nr="1868" mi="7" ci="0" mb="0" cb="0"/><line nr="1869" mi="7" ci="0" mb="0" cb="0"/><line nr="1870" mi="8" ci="0" mb="0" cb="0"/><line nr="1872" mi="7" ci="0" mb="0" cb="0"/><line nr="1873" mi="7" ci="0" mb="0" cb="0"/><line nr="1874" mi="7" ci="0" mb="0" cb="0"/><line nr="1878" mi="2" ci="0" mb="2" cb="0"/><line nr="1879" mi="7" ci="0" mb="0" cb="0"/><line nr="1880" mi="8" ci="0" mb="0" cb="0"/><line nr="1882" mi="7" ci="0" mb="0" cb="0"/><line nr="1883" mi="7" ci="0" mb="0" cb="0"/><line nr="1887" mi="5" ci="0" mb="2" cb="0"/><line nr="1888" mi="7" ci="0" mb="0" cb="0"/><line nr="1889" mi="8" ci="0" mb="0" cb="0"/><line nr="1891" mi="7" ci="0" mb="0" cb="0"/><line nr="1892" mi="7" ci="0" mb="0" cb="0"/><line nr="1894" mi="1" ci="0" mb="0" cb="0"/><line nr="1896" mi="7" ci="0" mb="0" cb="0"/><line nr="1897" mi="7" ci="0" mb="0" cb="0"/><line nr="1898" mi="7" ci="0" mb="0" cb="0"/><line nr="1899" mi="7" ci="0" mb="0" cb="0"/><line nr="1900" mi="7" ci="0" mb="0" cb="0"/><line nr="1901" mi="7" ci="0" mb="0" cb="0"/><line nr="1902" mi="7" ci="0" mb="0" cb="0"/><line nr="1903" mi="7" ci="0" mb="0" cb="0"/><line nr="1904" mi="7" ci="0" mb="0" cb="0"/><line nr="1905" mi="7" ci="0" mb="0" cb="0"/><line nr="1906" mi="7" ci="0" mb="0" cb="0"/><line nr="1908" mi="1" ci="0" mb="0" cb="0"/><line nr="1922" mi="3" ci="0" mb="0" cb="0"/><line nr="1923" mi="3" ci="0" mb="0" cb="0"/><line nr="1924" mi="3" ci="0" mb="0" cb="0"/><line nr="1925" mi="9" ci="0" mb="0" cb="0"/><line nr="1926" mi="3" ci="0" mb="0" cb="0"/><line nr="1927" mi="4" ci="0" mb="0" cb="0"/><line nr="1928" mi="4" ci="0" mb="0" cb="0"/><line nr="1929" mi="3" ci="0" mb="0" cb="0"/><line nr="1930" mi="5" ci="0" mb="0" cb="0"/><line nr="1931" mi="5" ci="0" mb="0" cb="0"/><line nr="1932" mi="3" ci="0" mb="0" cb="0"/><line nr="1933" mi="2" ci="0" mb="0" cb="0"/><line nr="1934" mi="1" ci="0" mb="0" cb="0"/><line nr="1944" mi="4" ci="0" mb="0" cb="0"/><line nr="1945" mi="4" ci="0" mb="0" cb="0"/><line nr="1946" mi="4" ci="0" mb="0" cb="0"/><line nr="1947" mi="7" ci="0" mb="0" cb="0"/><line nr="1948" mi="1" ci="0" mb="0" cb="0"/><line nr="1951" mi="2" ci="0" mb="0" cb="0"/><line nr="1952" mi="1" ci="0" mb="0" cb="0"/><counter type="INSTRUCTION" missed="5761" covered="0"/><counter type="BRANCH" missed="108" covered="0"/><counter type="LINE" missed="1160" covered="0"/><counter type="COMPLEXITY" missed="177" covered="0"/><counter type="METHOD" missed="120" covered="0"/><counter type="CLASS" missed="1" covered="0"/></sourcefile><counter type="INSTRUCTION" missed="11971" covered="829"/><counter type="BRANCH" missed="687" covered="96"/><counter type="LINE" missed="2444" covered="205"/><counter type="COMPLEXITY" missed="591" covered="111"/><counter type="METHOD" missed="231" covered="63"/><counter type="CLASS" missed="11" covered="7"/></package><counter type="INSTRUCTION" missed="11971" covered="829"/><counter type="BRANCH" missed="687" covered="96"/><counter type="LINE" missed="2444" covered="205"/><counter type="COMPLEXITY" missed="591" covered="111"/><counter type="METHOD" missed="231" covered="63"/><counter type="CLASS" missed="11" covered="7"/></report>